2020-06-10 09:01:55.380 [restartedMain] WARN  io.undertow.websockets.jsr - UT026010: Buffer pool was not set on WebSocketDeploymentInfo, the default pool will be used
2020-06-10 09:01:58.199 [restartedMain] WARN  com.netflix.config.sources.URLConfigurationSource - No URLs will be polled as dynamic configuration sources.
2020-06-10 09:01:58.204 [restartedMain] WARN  com.netflix.config.sources.URLConfigurationSource - No URLs will be polled as dynamic configuration sources.
2020-06-10 10:08:55.442 [restartedMain] WARN  io.undertow.websockets.jsr - UT026010: Buffer pool was not set on WebSocketDeploymentInfo, the default pool will be used
2020-06-10 10:08:57.698 [restartedMain] WARN  com.netflix.config.sources.URLConfigurationSource - No URLs will be polled as dynamic configuration sources.
2020-06-10 10:08:57.705 [restartedMain] WARN  com.netflix.config.sources.URLConfigurationSource - No URLs will be polled as dynamic configuration sources.
2020-06-10 10:11:27.014 [XNIO-1 task-2] WARN  o.s.w.s.m.m.a.ExceptionHandlerExceptionResolver - Resolved [java.lang.NullPointerException]
2020-06-10 10:47:43.264 [XNIO-1 task-3] WARN  o.s.w.s.m.m.a.ExceptionHandlerExceptionResolver - Resolved [java.lang.NullPointerException]
2020-06-10 10:48:51.351 [XNIO-1 task-4] WARN  o.s.w.s.m.m.a.ExceptionHandlerExceptionResolver - Resolved [BnException:[code=408, message=登录信息不存在]]
2020-06-10 10:49:11.533 [XNIO-1 task-5] WARN  o.s.w.s.m.m.a.ExceptionHandlerExceptionResolver - Resolved [java.lang.NullPointerException]
2020-06-10 10:49:25.944 [XNIO-1 task-6] WARN  o.s.w.s.m.m.a.ExceptionHandlerExceptionResolver - Resolved [java.lang.NullPointerException]
2020-06-10 10:51:34.322 [restartedMain] WARN  io.undertow.websockets.jsr - UT026010: Buffer pool was not set on WebSocketDeploymentInfo, the default pool will be used
2020-06-10 10:51:36.278 [restartedMain] WARN  com.netflix.config.sources.URLConfigurationSource - No URLs will be polled as dynamic configuration sources.
2020-06-10 10:51:36.284 [restartedMain] WARN  com.netflix.config.sources.URLConfigurationSource - No URLs will be polled as dynamic configuration sources.
2020-06-10 11:34:51.395 [restartedMain] WARN  io.undertow.websockets.jsr - UT026010: Buffer pool was not set on WebSocketDeploymentInfo, the default pool will be used
2020-06-10 11:34:53.377 [restartedMain] WARN  com.netflix.config.sources.URLConfigurationSource - No URLs will be polled as dynamic configuration sources.
2020-06-10 11:34:53.383 [restartedMain] WARN  com.netflix.config.sources.URLConfigurationSource - No URLs will be polled as dynamic configuration sources.
2020-06-10 11:36:11.239 [restartedMain] WARN  io.undertow.websockets.jsr - UT026010: Buffer pool was not set on WebSocketDeploymentInfo, the default pool will be used
2020-06-10 11:36:12.940 [restartedMain] WARN  com.netflix.config.sources.URLConfigurationSource - No URLs will be polled as dynamic configuration sources.
2020-06-10 11:36:12.944 [restartedMain] WARN  com.netflix.config.sources.URLConfigurationSource - No URLs will be polled as dynamic configuration sources.
2020-06-10 11:36:53.233 [XNIO-1 task-8] WARN  o.s.w.s.m.m.a.ExceptionHandlerExceptionResolver - Resolved [BnException:[code=99999, message=value 值不存在:null]]
2020-06-10 11:37:05.077 [XNIO-1 task-10] WARN  o.s.w.s.m.m.a.ExceptionHandlerExceptionResolver - Resolved [BnException:[code=99999, message=value 值不存在:null]]
2020-06-10 11:38:45.132 [XNIO-1 task-18] WARN  o.s.w.s.m.m.a.ExceptionHandlerExceptionResolver - Resolved [org.mybatis.spring.MyBatisSystemException: nested exception is org.apache.ibatis.builder.BuilderException: Error evaluating expression 'param != null and param.title != null and param.title != '''. Cause: org.apache.ibatis.ognl.NoSuchPropertyException: com.july.company.dto.finance.ListConditionDto.title]
2020-06-10 11:39:18.422 [XNIO-1 task-26] WARN  o.s.w.s.m.m.a.ExceptionHandlerExceptionResolver - Resolved [org.mybatis.spring.MyBatisSystemException: nested exception is org.apache.ibatis.builder.BuilderException: Error evaluating expression 'param != null and param.title != null and param.title != '''. Cause: org.apache.ibatis.ognl.NoSuchPropertyException: com.july.company.dto.finance.ListConditionDto.title]
2020-06-10 11:43:47.740 [XNIO-1 task-40] WARN  o.s.w.s.m.m.a.ExceptionHandlerExceptionResolver - Resolved [org.mybatis.spring.MyBatisSystemException: nested exception is org.apache.ibatis.builder.BuilderException: Error evaluating expression 'param != null and param.title != null and param.title != '''. Cause: org.apache.ibatis.ognl.NoSuchPropertyException: com.july.company.dto.finance.ListConditionDto.title]
2020-06-10 11:50:10.471 [restartedMain] WARN  io.undertow.websockets.jsr - UT026010: Buffer pool was not set on WebSocketDeploymentInfo, the default pool will be used
2020-06-10 11:50:13.573 [restartedMain] WARN  com.netflix.config.sources.URLConfigurationSource - No URLs will be polled as dynamic configuration sources.
2020-06-10 11:50:13.577 [restartedMain] WARN  com.netflix.config.sources.URLConfigurationSource - No URLs will be polled as dynamic configuration sources.
2020-06-10 11:59:29.170 [restartedMain] WARN  io.undertow.websockets.jsr - UT026010: Buffer pool was not set on WebSocketDeploymentInfo, the default pool will be used
2020-06-10 11:59:31.040 [restartedMain] WARN  com.netflix.config.sources.URLConfigurationSource - No URLs will be polled as dynamic configuration sources.
2020-06-10 11:59:31.046 [restartedMain] WARN  com.netflix.config.sources.URLConfigurationSource - No URLs will be polled as dynamic configuration sources.
2020-06-10 13:11:45.335 [restartedMain] WARN  io.undertow.websockets.jsr - UT026010: Buffer pool was not set on WebSocketDeploymentInfo, the default pool will be used
2020-06-10 13:11:47.797 [restartedMain] WARN  com.netflix.config.sources.URLConfigurationSource - No URLs will be polled as dynamic configuration sources.
2020-06-10 13:11:47.803 [restartedMain] WARN  com.netflix.config.sources.URLConfigurationSource - No URLs will be polled as dynamic configuration sources.
2020-06-10 14:18:38.888 [restartedMain] WARN  io.undertow.websockets.jsr - UT026010: Buffer pool was not set on WebSocketDeploymentInfo, the default pool will be used
2020-06-10 14:18:41.420 [restartedMain] WARN  com.netflix.config.sources.URLConfigurationSource - No URLs will be polled as dynamic configuration sources.
2020-06-10 14:18:41.426 [restartedMain] WARN  com.netflix.config.sources.URLConfigurationSource - No URLs will be polled as dynamic configuration sources.
2020-06-10 15:06:45.267 [restartedMain] WARN  io.undertow.websockets.jsr - UT026010: Buffer pool was not set on WebSocketDeploymentInfo, the default pool will be used
2020-06-10 15:06:47.373 [restartedMain] WARN  com.netflix.config.sources.URLConfigurationSource - No URLs will be polled as dynamic configuration sources.
2020-06-10 15:06:47.377 [restartedMain] WARN  com.netflix.config.sources.URLConfigurationSource - No URLs will be polled as dynamic configuration sources.
2020-06-10 15:08:03.721 [restartedMain] WARN  io.undertow.websockets.jsr - UT026010: Buffer pool was not set on WebSocketDeploymentInfo, the default pool will be used
2020-06-10 15:08:05.763 [restartedMain] WARN  com.netflix.config.sources.URLConfigurationSource - No URLs will be polled as dynamic configuration sources.
2020-06-10 15:08:05.767 [restartedMain] WARN  com.netflix.config.sources.URLConfigurationSource - No URLs will be polled as dynamic configuration sources.
2020-06-10 15:36:09.525 [restartedMain] WARN  io.undertow.websockets.jsr - UT026010: Buffer pool was not set on WebSocketDeploymentInfo, the default pool will be used
2020-06-10 15:36:11.582 [restartedMain] WARN  com.netflix.config.sources.URLConfigurationSource - No URLs will be polled as dynamic configuration sources.
2020-06-10 15:36:11.589 [restartedMain] WARN  com.netflix.config.sources.URLConfigurationSource - No URLs will be polled as dynamic configuration sources.
2020-06-10 15:36:53.993 [XNIO-1 task-11] WARN  o.s.w.s.m.m.a.ExceptionHandlerExceptionResolver - Resolved [org.mybatis.spring.MyBatisSystemException: nested exception is org.apache.ibatis.builder.BuilderException: Error evaluating expression 'param != null and param.title != null and param.title != '''. Cause: org.apache.ibatis.ognl.NoSuchPropertyException: com.july.company.dto.finance.ListConditionDto.title]
2020-06-10 16:20:22.601 [restartedMain] WARN  io.undertow.websockets.jsr - UT026010: Buffer pool was not set on WebSocketDeploymentInfo, the default pool will be used
2020-06-10 16:20:24.843 [restartedMain] WARN  com.netflix.config.sources.URLConfigurationSource - No URLs will be polled as dynamic configuration sources.
2020-06-10 16:20:24.849 [restartedMain] WARN  com.netflix.config.sources.URLConfigurationSource - No URLs will be polled as dynamic configuration sources.
2020-06-10 16:21:38.450 [XNIO-1 task-3] WARN  o.s.w.s.m.m.a.ExceptionHandlerExceptionResolver - Resolved [BnException:[code=99999, message=无法获取到企业信息！]]
2020-06-10 16:21:50.550 [XNIO-1 task-4] WARN  o.s.w.s.m.m.a.ExceptionHandlerExceptionResolver - Resolved [BnException:[code=99999, message=无法获取到企业信息！]]
2020-06-10 16:23:10.686 [XNIO-1 task-10] WARN  o.s.w.s.m.m.a.ExceptionHandlerExceptionResolver - Resolved [BnException:[code=99999, message=你不是系统管理员，无法登录后台！]]
2020-06-10 16:24:01.981 [XNIO-1 task-22] WARN  o.s.w.s.m.m.a.ExceptionHandlerExceptionResolver - Resolved [BnException:[code=99999, message=你不是系统管理员，无法登录后台！]]
2020-06-10 16:24:10.919 [XNIO-1 task-23] WARN  o.s.w.s.m.m.a.ExceptionHandlerExceptionResolver - Resolved [BnException:[code=99999, message=无法获取到企业信息！]]
2020-06-10 16:24:14.189 [XNIO-1 task-26] WARN  o.s.w.s.m.m.a.ExceptionHandlerExceptionResolver - Resolved [BnException:[code=99999, message=你不是系统管理员，无法登录后台！]]
2020-06-10 16:25:22.722 [XNIO-1 task-30] WARN  o.s.w.s.m.m.a.ExceptionHandlerExceptionResolver - Resolved [BnException:[code=99999, message=用户名或密码错误]]
2020-06-10 16:25:29.844 [XNIO-1 task-32] WARN  o.s.w.s.m.m.a.ExceptionHandlerExceptionResolver - Resolved [BnException:[code=99999, message=用户名或密码错误]]
2020-06-10 16:27:15.179 [XNIO-1 task-49] WARN  o.s.w.s.m.m.a.ExceptionHandlerExceptionResolver - Resolved [org.mybatis.spring.MyBatisSystemException: nested exception is org.apache.ibatis.builder.BuilderException: Error evaluating expression 'param != null and param.title != null and param.title != '''. Cause: org.apache.ibatis.ognl.NoSuchPropertyException: com.july.company.dto.finance.ListConditionDto.title]
2020-06-10 16:28:01.080 [XNIO-1 task-63] WARN  o.s.w.s.m.m.a.ExceptionHandlerExceptionResolver - Resolved [org.mybatis.spring.MyBatisSystemException: nested exception is org.apache.ibatis.builder.BuilderException: Error evaluating expression 'param != null and param.title != null and param.title != '''. Cause: org.apache.ibatis.ognl.NoSuchPropertyException: com.july.company.dto.finance.ListConditionDto.title]
2020-06-10 17:01:05.163 [restartedMain] WARN  io.undertow.websockets.jsr - UT026010: Buffer pool was not set on WebSocketDeploymentInfo, the default pool will be used
2020-06-10 17:01:07.698 [restartedMain] WARN  com.netflix.config.sources.URLConfigurationSource - No URLs will be polled as dynamic configuration sources.
2020-06-10 17:01:07.703 [restartedMain] WARN  com.netflix.config.sources.URLConfigurationSource - No URLs will be polled as dynamic configuration sources.
2020-06-10 17:08:19.171 [restartedMain] WARN  io.undertow.websockets.jsr - UT026010: Buffer pool was not set on WebSocketDeploymentInfo, the default pool will be used
2020-06-10 17:08:22.262 [restartedMain] WARN  com.netflix.config.sources.URLConfigurationSource - No URLs will be polled as dynamic configuration sources.
2020-06-10 17:08:22.266 [restartedMain] WARN  com.netflix.config.sources.URLConfigurationSource - No URLs will be polled as dynamic configuration sources.
2020-06-10 17:08:58.803 [XNIO-1 task-7] WARN  o.s.w.s.m.m.a.ExceptionHandlerExceptionResolver - Resolved [java.lang.NullPointerException]
2020-06-10 17:22:24.319 [XNIO-1 task-34] WARN  o.s.w.s.m.m.a.ExceptionHandlerExceptionResolver - Resolved [BnException:[code=99999, message=该产品已经申请过，请不要重复申请！]]
2020-06-10 17:23:37.931 [XNIO-1 task-45] WARN  o.s.w.s.m.m.a.ExceptionHandlerExceptionResolver - Resolved [java.lang.NullPointerException]
2020-06-10 17:37:32.043 [XNIO-1 task-54] WARN  o.s.w.s.m.m.a.ExceptionHandlerExceptionResolver - Resolved [java.lang.NullPointerException]
2020-06-10 17:39:13.346 [XNIO-1 task-1] WARN  o.s.w.s.m.m.a.ExceptionHandlerExceptionResolver - Resolved [java.lang.NullPointerException]
2020-06-10 17:39:41.511 [XNIO-1 task-2] WARN  o.s.w.s.m.m.a.ExceptionHandlerExceptionResolver - Resolved [org.springframework.http.converter.HttpMessageNotReadableException: JSON parse error: Cannot deserialize instance of `java.util.ArrayList` out of START_OBJECT token; nested exception is com.fasterxml.jackson.databind.exc.MismatchedInputException: Cannot deserialize instance of `java.util.ArrayList` out of START_OBJECT token
 at [Source: (PushbackInputStream); line: 1, column: 20270] (through reference chain: com.july.company.dto.apply.ProductCommitDto["bondProductMatchDto"]->com.july.company.dto.finance.BondProductMatchDto["industryDirect"])]
2020-06-10 17:48:22.388 [restartedMain] WARN  io.undertow.websockets.jsr - UT026010: Buffer pool was not set on WebSocketDeploymentInfo, the default pool will be used
2020-06-10 17:48:24.235 [restartedMain] WARN  com.netflix.config.sources.URLConfigurationSource - No URLs will be polled as dynamic configuration sources.
2020-06-10 17:48:24.242 [restartedMain] WARN  com.netflix.config.sources.URLConfigurationSource - No URLs will be polled as dynamic configuration sources.
2020-06-10 18:00:23.247 [XNIO-1 task-44] WARN  o.s.w.s.m.m.a.ExceptionHandlerExceptionResolver - Resolved [org.mybatis.spring.MyBatisSystemException: nested exception is org.apache.ibatis.builder.BuilderException: Error evaluating expression 'param != null and param.title != null and param.title != '''. Cause: org.apache.ibatis.ognl.NoSuchPropertyException: com.july.company.dto.finance.ListConditionDto.title]
2020-06-10 18:10:34.833 [XNIO-1 task-28] WARN  o.s.w.s.m.m.a.ExceptionHandlerExceptionResolver - Resolved [org.mybatis.spring.MyBatisSystemException: nested exception is org.apache.ibatis.builder.BuilderException: Error evaluating expression 'param != null and param.title != null and param.title != '''. Cause: org.apache.ibatis.ognl.NoSuchPropertyException: com.july.company.dto.finance.ListConditionDto.title]
2020-06-10 18:11:15.260 [XNIO-1 task-41] WARN  o.s.w.s.m.m.a.ExceptionHandlerExceptionResolver - Resolved [java.lang.NullPointerException]
2020-06-10 18:11:48.842 [XNIO-1 task-43] WARN  o.s.w.s.m.m.a.ExceptionHandlerExceptionResolver - Resolved [org.springframework.http.converter.HttpMessageNotReadableException: JSON parse error: Cannot deserialize instance of `java.util.ArrayList` out of START_OBJECT token; nested exception is com.fasterxml.jackson.databind.exc.MismatchedInputException: Cannot deserialize instance of `java.util.ArrayList` out of START_OBJECT token
 at [Source: (PushbackInputStream); line: 1, column: 20266] (through reference chain: com.july.company.dto.apply.ProductCommitDto["bondProductMatchDto"]->com.july.company.dto.finance.BondProductMatchDto["industryDirect"])]
2020-06-10 18:12:48.504 [XNIO-1 task-48] WARN  o.s.w.s.m.m.a.ExceptionHandlerExceptionResolver - Resolved [java.lang.NullPointerException]
2020-06-10 18:12:58.546 [XNIO-1 task-49] WARN  o.s.w.s.m.m.a.ExceptionHandlerExceptionResolver - Resolved [java.lang.NullPointerException]
2020-06-10 18:13:09.083 [XNIO-1 task-62] WARN  o.s.w.s.m.m.a.ExceptionHandlerExceptionResolver - Resolved [org.springframework.jdbc.UncategorizedSQLException: Error attempting to get column 'financeState' from result set.  Cause: java.sql.SQLException: Error
; uncategorized SQLException; SQL state [null]; error code [0]; Error; nested exception is java.sql.SQLException: Error]
2020-06-10 18:14:43.261 [XNIO-1 task-3] WARN  o.s.w.s.m.m.a.ExceptionHandlerExceptionResolver - Resolved [org.springframework.jdbc.UncategorizedSQLException: Error attempting to get column 'industryDirect' from result set.  Cause: java.sql.SQLException: Error
; uncategorized SQLException; SQL state [null]; error code [0]; Error; nested exception is java.sql.SQLException: Error]
2020-06-10 18:15:02.124 [XNIO-1 task-7] WARN  o.s.w.s.m.m.a.ExceptionHandlerExceptionResolver - Resolved [org.springframework.jdbc.UncategorizedSQLException: Error attempting to get column 'industryDirect' from result set.  Cause: java.sql.SQLException: Error
; uncategorized SQLException; SQL state [null]; error code [0]; Error; nested exception is java.sql.SQLException: Error]
2020-06-10 18:15:39.406 [XNIO-1 task-14] WARN  o.s.w.s.m.m.a.ExceptionHandlerExceptionResolver - Resolved [org.springframework.jdbc.UncategorizedSQLException: Error attempting to get column 'industryDirect' from result set.  Cause: java.sql.SQLException: Error
; uncategorized SQLException; SQL state [null]; error code [0]; Error; nested exception is java.sql.SQLException: Error]
2020-06-10 18:16:16.262 [XNIO-1 task-18] WARN  o.s.w.s.m.m.a.ExceptionHandlerExceptionResolver - Resolved [org.springframework.jdbc.UncategorizedSQLException: Error attempting to get column 'industryDirect' from result set.  Cause: java.sql.SQLException: Error
; uncategorized SQLException; SQL state [null]; error code [0]; Error; nested exception is java.sql.SQLException: Error]
2020-06-10 18:16:46.158 [XNIO-1 task-24] WARN  o.s.w.s.m.m.a.ExceptionHandlerExceptionResolver - Resolved [org.springframework.jdbc.UncategorizedSQLException: Error attempting to get column 'industryDirect' from result set.  Cause: java.sql.SQLException: Error
; uncategorized SQLException; SQL state [null]; error code [0]; Error; nested exception is java.sql.SQLException: Error]
2020-06-10 18:17:42.781 [restartedMain] WARN  io.undertow.websockets.jsr - UT026010: Buffer pool was not set on WebSocketDeploymentInfo, the default pool will be used
2020-06-10 18:17:44.830 [restartedMain] WARN  com.netflix.config.sources.URLConfigurationSource - No URLs will be polled as dynamic configuration sources.
2020-06-10 18:17:44.834 [restartedMain] WARN  com.netflix.config.sources.URLConfigurationSource - No URLs will be polled as dynamic configuration sources.
2020-06-10 18:20:59.606 [XNIO-1 task-14] WARN  o.s.w.s.m.m.a.ExceptionHandlerExceptionResolver - Resolved [BnException:[code=99999, message=该产品已经申请过，请不要重复申请！]]
2020-06-10 19:16:54.591 [restartedMain] WARN  io.undertow.websockets.jsr - UT026010: Buffer pool was not set on WebSocketDeploymentInfo, the default pool will be used
2020-06-10 19:16:57.970 [restartedMain] WARN  com.netflix.config.sources.URLConfigurationSource - No URLs will be polled as dynamic configuration sources.
2020-06-10 19:16:57.976 [restartedMain] WARN  com.netflix.config.sources.URLConfigurationSource - No URLs will be polled as dynamic configuration sources.
2020-06-10 19:17:08.536 [XNIO-1 task-1] WARN  o.s.w.s.m.m.a.ExceptionHandlerExceptionResolver - Resolved [com.alibaba.fastjson.JSONException: syntax error, expect {, actual [, pos 0, fastjson-version 1.2.60]
