2020-06-11 11:59:12.568 [restartedMain] INFO  o.s.b.d.env.DevToolsPropertyDefaultsPostProcessor - Devtools property defaults active! Set 'spring.devtools.add-properties' to 'false' to disable
2020-06-11 11:59:12.888 [restartedMain] INFO  o.s.c.s.PostProcessorRegistrationDelegate$BeanPostProcessorChecker - Bean 'org.springframework.cloud.autoconfigure.ConfigurationPropertiesRebinderAutoConfiguration' of type [org.springframework.cloud.autoconfigure.ConfigurationPropertiesRebinderAutoConfiguration$$EnhancerBySpringCGLIB$$e34bf47f] is not eligible for getting processed by all BeanPostProcessors (for example: not eligible for auto-proxying)
2020-06-11 11:59:13.192 [restartedMain] INFO  c.a.cloud.nacos.client.NacosPropertySourceBuilder - Loading nacos data, dataId: 'common.yml', group: 'DEFAULT_GROUP'
2020-06-11 11:59:13.209 [restartedMain] INFO  c.a.cloud.nacos.client.NacosPropertySourceBuilder - Loading nacos data, dataId: 'com.company.finance.yml', group: 'DEFAULT_GROUP'
2020-06-11 11:59:13.215 [restartedMain] INFO  o.s.c.b.c.PropertySourceBootstrapConfiguration - Located property source: CompositePropertySource {name='NACOS', propertySources=[NacosPropertySource {name='com.company.finance-dev.yml'}, NacosPropertySource {name='com.company.finance.yml'}, NacosPropertySource {name='common.yml'}]}
2020-06-11 11:59:13.239 [restartedMain] INFO  com.july.CompanyApplication - The following profiles are active: dev
2020-06-11 11:59:14.145 [restartedMain] INFO  o.s.d.r.config.RepositoryConfigurationDelegate - Multiple Spring Data modules found, entering strict repository configuration mode!
2020-06-11 11:59:14.149 [restartedMain] INFO  o.s.d.r.config.RepositoryConfigurationDelegate - Bootstrapping Spring Data repositories in DEFAULT mode.
2020-06-11 11:59:14.200 [restartedMain] INFO  o.s.d.r.config.RepositoryConfigurationDelegate - Finished Spring Data repository scanning in 33ms. Found 0 repository interfaces.
2020-06-11 11:59:14.502 [restartedMain] INFO  o.springframework.cloud.context.scope.GenericScope - BeanFactory id=7af583bf-1a9d-3a45-84d7-1e3e686e38d1
2020-06-11 11:59:14.627 [restartedMain] INFO  o.s.c.s.PostProcessorRegistrationDelegate$BeanPostProcessorChecker - Bean 'org.springframework.transaction.annotation.ProxyTransactionManagementConfiguration' of type [org.springframework.transaction.annotation.ProxyTransactionManagementConfiguration$$EnhancerBySpringCGLIB$$c731f182] is not eligible for getting processed by all BeanPostProcessors (for example: not eligible for auto-proxying)
2020-06-11 11:59:14.763 [restartedMain] INFO  o.s.c.s.PostProcessorRegistrationDelegate$BeanPostProcessorChecker - Bean 'redisConfig' of type [com.july.company.config.RedisConfig$$EnhancerBySpringCGLIB$$9be51752] is not eligible for getting processed by all BeanPostProcessors (for example: not eligible for auto-proxying)
2020-06-11 11:59:14.797 [restartedMain] INFO  o.s.c.s.PostProcessorRegistrationDelegate$BeanPostProcessorChecker - Bean 'org.springframework.cloud.autoconfigure.ConfigurationPropertiesRebinderAutoConfiguration' of type [org.springframework.cloud.autoconfigure.ConfigurationPropertiesRebinderAutoConfiguration$$EnhancerBySpringCGLIB$$e34bf47f] is not eligible for getting processed by all BeanPostProcessors (for example: not eligible for auto-proxying)
2020-06-11 11:59:15.345 [restartedMain] INFO  io.undertow.servlet - Initializing Spring embedded WebApplicationContext
2020-06-11 11:59:15.346 [restartedMain] INFO  org.springframework.web.context.ContextLoader - Root WebApplicationContext: initialization completed in 2092 ms
2020-06-11 11:59:15.355 [restartedMain] INFO  com.july.company.config.CorsConfig - 配置跨域bean
2020-06-11 11:59:15.591 [restartedMain] INFO  com.july.company.intercepts.MybatisPlusConfig - mybatis分页拦截器初始化.
2020-06-11 11:59:15.607 [restartedMain] INFO  c.a.d.s.b.a.DruidDataSourceAutoConfigure - Init DruidDataSource
2020-06-11 11:59:15.726 [restartedMain] INFO  com.alibaba.druid.pool.DruidDataSource - {dataSource-1} inited
2020-06-11 11:59:15.771 [restartedMain] INFO  com.july.company.intercepts.MybatisPlusConfig - mybatis公共字段填充处理器初始化.
2020-06-11 11:59:17.319 [restartedMain] INFO  com.netflix.config.sources.URLConfigurationSource - To enable URLs as dynamic configuration sources, define System property archaius.configurationSource.additionalUrls or make config.properties available on classpath.
2020-06-11 11:59:17.325 [restartedMain] INFO  com.netflix.config.sources.URLConfigurationSource - To enable URLs as dynamic configuration sources, define System property archaius.configurationSource.additionalUrls or make config.properties available on classpath.
2020-06-11 11:59:17.740 [restartedMain] INFO  o.s.scheduling.concurrent.ThreadPoolTaskExecutor - Initializing ExecutorService 'applicationTaskExecutor'
2020-06-11 11:59:18.001 [restartedMain] INFO  com.alibaba.nacos.client.naming - initializer namespace from System Property :null
2020-06-11 11:59:18.001 [restartedMain] INFO  com.alibaba.nacos.client.naming - initializer namespace from System Environment :null
2020-06-11 11:59:18.002 [restartedMain] INFO  com.alibaba.nacos.client.naming - initializer namespace from System Property :null
2020-06-11 11:59:18.035 [restartedMain] INFO  o.s.scheduling.concurrent.ThreadPoolTaskScheduler - Initializing ExecutorService
2020-06-11 11:59:18.537 [restartedMain] INFO  o.s.b.d.autoconfigure.OptionalLiveReloadServer - LiveReload server is running on port 35729
2020-06-11 11:59:18.764 [restartedMain] INFO  org.xnio - XNIO version 3.3.8.Final
2020-06-11 11:59:18.783 [restartedMain] INFO  org.xnio.nio - XNIO NIO Implementation Version 3.3.8.Final
2020-06-11 11:59:18.879 [restartedMain] INFO  o.s.b.w.embedded.undertow.UndertowServletWebServer - Undertow started on port(s) 9001 (http) with context path '/finance'
2020-06-11 11:59:18.886 [restartedMain] INFO  com.alibaba.nacos.client.naming - [BEAT] adding beat: {"cluster":"DEFAULT","ip":"192.168.0.21","metadata":{"preserved.register.source":"SPRING_CLOUD"},"period":5000,"port":9001,"scheduled":false,"serviceName":"DEFAULT_GROUP@@com.company.finance","stopped":false,"weight":1.0} to beat map.
2020-06-11 11:59:18.916 [restartedMain] INFO  com.alibaba.nacos.client.naming - [REGISTER-SERVICE] 44f3ec72-5331-4305-a0c0-5e773ef15f33 registering service DEFAULT_GROUP@@com.company.finance with instance: {"clusterName":"DEFAULT","enabled":true,"ephemeral":true,"healthy":true,"instanceHeartBeatInterval":5000,"instanceHeartBeatTimeOut":15000,"ip":"192.168.0.21","ipDeleteTimeout":30000,"metadata":{"preserved.register.source":"SPRING_CLOUD"},"port":9001,"weight":1.0}
2020-06-11 11:59:18.992 [restartedMain] INFO  c.a.cloud.nacos.registry.NacosServiceRegistry - nacos registry, com.company.finance 192.168.0.21:9001 register finished
2020-06-11 11:59:18.999 [restartedMain] INFO  com.july.CompanyApplication - Started CompanyApplication in 8.458 seconds (JVM running for 11.482)
2020-06-11 11:59:19.002 [restartedMain] INFO  com.july.company.dictionary.BeanDefineConfigue - 字典：START:spring初始化开始======================>
2020-06-11 11:59:19.575 [restartedMain] INFO  com.july.company.dictionary.BeanDefineConfigue - 字典:END:spring初始化完毕======================>
2020-06-11 11:59:19.589 [restartedMain] INFO  com.alibaba.nacos.client.config.impl.ClientWorker - [fixed-192.168.0.21_8848-44f3ec72-5331-4305-a0c0-5e773ef15f33] [subscribe] com.company.finance.yml+DEFAULT_GROUP+44f3ec72-5331-4305-a0c0-5e773ef15f33
2020-06-11 11:59:19.591 [restartedMain] INFO  com.alibaba.nacos.client.config.impl.CacheData - [fixed-192.168.0.21_8848-44f3ec72-5331-4305-a0c0-5e773ef15f33] [add-listener] ok, tenant=44f3ec72-5331-4305-a0c0-5e773ef15f33, dataId=com.company.finance.yml, group=DEFAULT_GROUP, cnt=1
2020-06-11 11:59:19.594 [restartedMain] INFO  com.alibaba.nacos.client.config.impl.ClientWorker - [fixed-192.168.0.21_8848-44f3ec72-5331-4305-a0c0-5e773ef15f33] [subscribe] com.company.finance-dev.yml+DEFAULT_GROUP+44f3ec72-5331-4305-a0c0-5e773ef15f33
2020-06-11 11:59:19.594 [restartedMain] INFO  com.alibaba.nacos.client.config.impl.CacheData - [fixed-192.168.0.21_8848-44f3ec72-5331-4305-a0c0-5e773ef15f33] [add-listener] ok, tenant=44f3ec72-5331-4305-a0c0-5e773ef15f33, dataId=com.company.finance-dev.yml, group=DEFAULT_GROUP, cnt=1
2020-06-11 12:10:05.759 [Thread-33] INFO  c.a.cloud.nacos.registry.NacosServiceRegistry - De-registering from Nacos Server now...
2020-06-11 12:10:05.760 [Thread-33] INFO  com.alibaba.nacos.client.naming - [BEAT] removing beat: DEFAULT_GROUP@@com.company.finance:192.168.0.21:9001 from beat map.
2020-06-11 12:10:05.763 [Thread-33] INFO  com.alibaba.nacos.client.naming - [DEREGISTER-SERVICE] 44f3ec72-5331-4305-a0c0-5e773ef15f33 deregistering service DEFAULT_GROUP@@com.company.finance with instance: {"clusterName":"DEFAULT","enabled":true,"ephemeral":true,"healthy":true,"instanceHeartBeatInterval":5000,"instanceHeartBeatTimeOut":15000,"ip":"192.168.0.21","ipDeleteTimeout":30000,"metadata":{},"port":9001,"weight":1.0}
2020-06-11 12:10:05.768 [Thread-33] INFO  c.a.cloud.nacos.registry.NacosServiceRegistry - De-registration finished.
2020-06-11 12:10:05.768 [Thread-33] INFO  o.s.scheduling.concurrent.ThreadPoolTaskExecutor - Shutting down ExecutorService 'applicationTaskExecutor'
2020-06-11 12:10:05.797 [Thread-33] INFO  com.alibaba.druid.pool.DruidDataSource - {dataSource-1} closing ...
2020-06-11 12:10:05.807 [Thread-33] INFO  com.alibaba.druid.pool.DruidDataSource - {dataSource-1} closed
2020-06-11 12:10:20.780 [restartedMain] INFO  o.s.b.d.env.DevToolsPropertyDefaultsPostProcessor - Devtools property defaults active! Set 'spring.devtools.add-properties' to 'false' to disable
2020-06-11 12:10:21.109 [restartedMain] INFO  o.s.c.s.PostProcessorRegistrationDelegate$BeanPostProcessorChecker - Bean 'org.springframework.cloud.autoconfigure.ConfigurationPropertiesRebinderAutoConfiguration' of type [org.springframework.cloud.autoconfigure.ConfigurationPropertiesRebinderAutoConfiguration$$EnhancerBySpringCGLIB$$5f25a608] is not eligible for getting processed by all BeanPostProcessors (for example: not eligible for auto-proxying)
2020-06-11 12:10:21.334 [restartedMain] INFO  c.a.cloud.nacos.client.NacosPropertySourceBuilder - Loading nacos data, dataId: 'common.yml', group: 'DEFAULT_GROUP'
2020-06-11 12:10:21.344 [restartedMain] INFO  c.a.cloud.nacos.client.NacosPropertySourceBuilder - Loading nacos data, dataId: 'com.company.finance.yml', group: 'DEFAULT_GROUP'
2020-06-11 12:10:21.350 [restartedMain] INFO  o.s.c.b.c.PropertySourceBootstrapConfiguration - Located property source: CompositePropertySource {name='NACOS', propertySources=[NacosPropertySource {name='com.company.finance-dev.yml'}, NacosPropertySource {name='com.company.finance.yml'}, NacosPropertySource {name='common.yml'}]}
2020-06-11 12:10:21.376 [restartedMain] INFO  com.july.CompanyApplication - The following profiles are active: dev
2020-06-11 12:10:22.165 [restartedMain] INFO  o.s.d.r.config.RepositoryConfigurationDelegate - Multiple Spring Data modules found, entering strict repository configuration mode!
2020-06-11 12:10:22.168 [restartedMain] INFO  o.s.d.r.config.RepositoryConfigurationDelegate - Bootstrapping Spring Data repositories in DEFAULT mode.
2020-06-11 12:10:22.208 [restartedMain] INFO  o.s.d.r.config.RepositoryConfigurationDelegate - Finished Spring Data repository scanning in 30ms. Found 0 repository interfaces.
2020-06-11 12:10:22.466 [restartedMain] INFO  o.springframework.cloud.context.scope.GenericScope - BeanFactory id=7af583bf-1a9d-3a45-84d7-1e3e686e38d1
2020-06-11 12:10:22.574 [restartedMain] INFO  o.s.c.s.PostProcessorRegistrationDelegate$BeanPostProcessorChecker - Bean 'org.springframework.transaction.annotation.ProxyTransactionManagementConfiguration' of type [org.springframework.transaction.annotation.ProxyTransactionManagementConfiguration$$EnhancerBySpringCGLIB$$430ba30b] is not eligible for getting processed by all BeanPostProcessors (for example: not eligible for auto-proxying)
2020-06-11 12:10:22.663 [restartedMain] INFO  o.s.c.s.PostProcessorRegistrationDelegate$BeanPostProcessorChecker - Bean 'redisConfig' of type [com.july.company.config.RedisConfig$$EnhancerBySpringCGLIB$$17bec8db] is not eligible for getting processed by all BeanPostProcessors (for example: not eligible for auto-proxying)
2020-06-11 12:10:22.702 [restartedMain] INFO  o.s.c.s.PostProcessorRegistrationDelegate$BeanPostProcessorChecker - Bean 'org.springframework.cloud.autoconfigure.ConfigurationPropertiesRebinderAutoConfiguration' of type [org.springframework.cloud.autoconfigure.ConfigurationPropertiesRebinderAutoConfiguration$$EnhancerBySpringCGLIB$$5f25a608] is not eligible for getting processed by all BeanPostProcessors (for example: not eligible for auto-proxying)
2020-06-11 12:10:23.200 [restartedMain] INFO  io.undertow.servlet - Initializing Spring embedded WebApplicationContext
2020-06-11 12:10:23.200 [restartedMain] INFO  org.springframework.web.context.ContextLoader - Root WebApplicationContext: initialization completed in 1810 ms
2020-06-11 12:10:23.208 [restartedMain] INFO  com.july.company.config.CorsConfig - 配置跨域bean
2020-06-11 12:10:23.370 [restartedMain] INFO  com.july.company.intercepts.MybatisPlusConfig - mybatis分页拦截器初始化.
2020-06-11 12:10:23.388 [restartedMain] INFO  c.a.d.s.b.a.DruidDataSourceAutoConfigure - Init DruidDataSource
2020-06-11 12:10:23.509 [restartedMain] INFO  com.alibaba.druid.pool.DruidDataSource - {dataSource-1} inited
2020-06-11 12:10:23.553 [restartedMain] INFO  com.july.company.intercepts.MybatisPlusConfig - mybatis公共字段填充处理器初始化.
2020-06-11 12:10:24.908 [restartedMain] INFO  com.netflix.config.sources.URLConfigurationSource - To enable URLs as dynamic configuration sources, define System property archaius.configurationSource.additionalUrls or make config.properties available on classpath.
2020-06-11 12:10:24.912 [restartedMain] INFO  com.netflix.config.sources.URLConfigurationSource - To enable URLs as dynamic configuration sources, define System property archaius.configurationSource.additionalUrls or make config.properties available on classpath.
2020-06-11 12:10:25.198 [restartedMain] INFO  o.s.scheduling.concurrent.ThreadPoolTaskExecutor - Initializing ExecutorService 'applicationTaskExecutor'
2020-06-11 12:10:25.412 [restartedMain] INFO  com.alibaba.nacos.client.naming - initializer namespace from System Property :null
2020-06-11 12:10:25.415 [restartedMain] INFO  com.alibaba.nacos.client.naming - initializer namespace from System Environment :null
2020-06-11 12:10:25.416 [restartedMain] INFO  com.alibaba.nacos.client.naming - initializer namespace from System Property :null
2020-06-11 12:10:25.443 [restartedMain] INFO  o.s.scheduling.concurrent.ThreadPoolTaskScheduler - Initializing ExecutorService
2020-06-11 12:10:25.859 [restartedMain] INFO  o.s.b.d.autoconfigure.OptionalLiveReloadServer - LiveReload server is running on port 35729
2020-06-11 12:10:26.033 [restartedMain] INFO  org.xnio - XNIO version 3.3.8.Final
2020-06-11 12:10:26.041 [restartedMain] INFO  org.xnio.nio - XNIO NIO Implementation Version 3.3.8.Final
2020-06-11 12:10:26.123 [restartedMain] INFO  o.s.b.w.embedded.undertow.UndertowServletWebServer - Undertow started on port(s) 9001 (http) with context path '/finance'
2020-06-11 12:10:26.128 [restartedMain] INFO  com.alibaba.nacos.client.naming - [BEAT] adding beat: {"cluster":"DEFAULT","ip":"192.168.0.21","metadata":{"preserved.register.source":"SPRING_CLOUD"},"period":5000,"port":9001,"scheduled":false,"serviceName":"DEFAULT_GROUP@@com.company.finance","stopped":false,"weight":1.0} to beat map.
2020-06-11 12:10:26.154 [restartedMain] INFO  com.alibaba.nacos.client.naming - [REGISTER-SERVICE] 44f3ec72-5331-4305-a0c0-5e773ef15f33 registering service DEFAULT_GROUP@@com.company.finance with instance: {"clusterName":"DEFAULT","enabled":true,"ephemeral":true,"healthy":true,"instanceHeartBeatInterval":5000,"instanceHeartBeatTimeOut":15000,"ip":"192.168.0.21","ipDeleteTimeout":30000,"metadata":{"preserved.register.source":"SPRING_CLOUD"},"port":9001,"weight":1.0}
2020-06-11 12:10:26.163 [restartedMain] INFO  c.a.cloud.nacos.registry.NacosServiceRegistry - nacos registry, com.company.finance 192.168.0.21:9001 register finished
2020-06-11 12:10:26.170 [restartedMain] INFO  com.july.CompanyApplication - Started CompanyApplication in 7.284 seconds (JVM running for 8.739)
2020-06-11 12:10:26.171 [restartedMain] INFO  com.july.company.dictionary.BeanDefineConfigue - 字典：START:spring初始化开始======================>
2020-06-11 12:10:26.669 [restartedMain] INFO  com.july.company.dictionary.BeanDefineConfigue - 字典:END:spring初始化完毕======================>
2020-06-11 12:10:26.673 [restartedMain] INFO  com.alibaba.nacos.client.config.impl.ClientWorker - [fixed-192.168.0.21_8848-44f3ec72-5331-4305-a0c0-5e773ef15f33] [subscribe] com.company.finance.yml+DEFAULT_GROUP+44f3ec72-5331-4305-a0c0-5e773ef15f33
2020-06-11 12:10:26.674 [restartedMain] INFO  com.alibaba.nacos.client.config.impl.CacheData - [fixed-192.168.0.21_8848-44f3ec72-5331-4305-a0c0-5e773ef15f33] [add-listener] ok, tenant=44f3ec72-5331-4305-a0c0-5e773ef15f33, dataId=com.company.finance.yml, group=DEFAULT_GROUP, cnt=1
2020-06-11 12:10:26.675 [restartedMain] INFO  com.alibaba.nacos.client.config.impl.ClientWorker - [fixed-192.168.0.21_8848-44f3ec72-5331-4305-a0c0-5e773ef15f33] [subscribe] com.company.finance-dev.yml+DEFAULT_GROUP+44f3ec72-5331-4305-a0c0-5e773ef15f33
2020-06-11 12:10:26.675 [restartedMain] INFO  com.alibaba.nacos.client.config.impl.CacheData - [fixed-192.168.0.21_8848-44f3ec72-5331-4305-a0c0-5e773ef15f33] [add-listener] ok, tenant=44f3ec72-5331-4305-a0c0-5e773ef15f33, dataId=com.company.finance-dev.yml, group=DEFAULT_GROUP, cnt=1
2020-06-11 14:00:49.649 [XNIO-1 task-1] INFO  io.undertow.servlet - Initializing Spring DispatcherServlet 'dispatcherServlet'
2020-06-11 14:00:49.652 [XNIO-1 task-1] INFO  org.springframework.web.servlet.DispatcherServlet - Initializing Servlet 'dispatcherServlet'
2020-06-11 14:00:49.699 [XNIO-1 task-1] INFO  org.springframework.web.servlet.DispatcherServlet - Completed initialization in 46 ms
2020-06-11 14:00:50.552 [XNIO-1 task-2] INFO  com.july.company.utils.JwtUtils - {nbf=1591855250, loginType=1, iss=, iat=1591855250, userId=2, from_service=, token=8DEE38ACFE344520849A7621C2E43025}
2020-06-11 14:00:50.929 [XNIO-1 task-2] INFO  io.lettuce.core.EpollProvider - Starting without optional epoll library
2020-06-11 14:00:50.931 [XNIO-1 task-2] INFO  io.lettuce.core.KqueueProvider - Starting without optional kqueue library
2020-06-11 14:00:51.619 [XNIO-1 task-6] INFO  com.july.company.intercepts.LoginIntercept - 缓存的userId:2,loginType:1
2020-06-11 14:00:51.619 [XNIO-1 task-4] INFO  com.july.company.intercepts.LoginIntercept - 缓存的userId:2,loginType:1
2020-06-11 14:00:57.449 [XNIO-1 task-8] INFO  com.july.company.intercepts.LoginIntercept - 缓存的userId:2,loginType:1
2020-06-11 14:00:57.454 [XNIO-1 task-10] INFO  com.july.company.intercepts.LoginIntercept - 缓存的userId:2,loginType:1
2020-06-11 14:01:00.574 [XNIO-1 task-14] INFO  com.july.company.intercepts.LoginIntercept - 缓存的userId:2,loginType:1
2020-06-11 14:05:56.754 [XNIO-1 task-16] INFO  com.july.company.utils.JwtUtils - {nbf=1591855556, loginType=1, iss=, iat=1591855556, userId=2, from_service=, token=4B3B766848EA45539F672406125245A0}
2020-06-11 14:05:56.879 [XNIO-1 task-18] INFO  com.july.company.intercepts.LoginIntercept - 缓存的userId:2,loginType:1
2020-06-11 14:05:56.891 [XNIO-1 task-20] INFO  com.july.company.intercepts.LoginIntercept - 缓存的userId:2,loginType:1
2020-06-11 14:06:02.945 [XNIO-1 task-22] INFO  com.july.company.intercepts.LoginIntercept - 缓存的userId:2,loginType:1
2020-06-11 14:06:02.953 [XNIO-1 task-24] INFO  com.july.company.intercepts.LoginIntercept - 缓存的userId:2,loginType:1
2020-06-11 14:06:04.675 [XNIO-1 task-28] INFO  com.july.company.intercepts.LoginIntercept - 缓存的userId:2,loginType:1
2020-06-11 14:06:14.702 [XNIO-1 task-30] INFO  com.july.company.intercepts.LoginIntercept - 缓存的userId:2,loginType:1
2020-06-11 14:06:14.709 [XNIO-1 task-32] INFO  com.july.company.intercepts.LoginIntercept - 缓存的userId:2,loginType:1
2020-06-11 14:09:35.870 [XNIO-1 task-34] INFO  com.july.company.utils.JwtUtils - {nbf=1591855775, loginType=1, iss=, iat=1591855775, userId=2, from_service=, token=0CBCE60C85FD48BEB0A043B3C38409EC}
2020-06-11 14:09:36.025 [XNIO-1 task-36] INFO  com.july.company.intercepts.LoginIntercept - 缓存的userId:2,loginType:1
2020-06-11 14:09:36.026 [XNIO-1 task-38] INFO  com.july.company.intercepts.LoginIntercept - 缓存的userId:2,loginType:1
2020-06-11 14:09:37.839 [XNIO-1 task-41] INFO  com.july.company.intercepts.LoginIntercept - 缓存的userId:2,loginType:1
2020-06-11 14:09:37.839 [XNIO-1 task-42] INFO  com.july.company.intercepts.LoginIntercept - 缓存的userId:2,loginType:1
2020-06-11 14:09:39.355 [XNIO-1 task-46] INFO  com.july.company.intercepts.LoginIntercept - 缓存的userId:2,loginType:1
2020-06-11 14:32:54.646 [XNIO-1 task-48] INFO  com.july.company.utils.JwtUtils - {nbf=1591857174, loginType=1, iss=, iat=1591857174, userId=2, from_service=, token=FEDCBA6365E544F2B2A3C8288C46E8A3}
2020-06-11 14:32:54.808 [XNIO-1 task-50] INFO  com.july.company.intercepts.LoginIntercept - 缓存的userId:2,loginType:1
2020-06-11 14:32:54.818 [XNIO-1 task-52] INFO  com.july.company.intercepts.LoginIntercept - 缓存的userId:2,loginType:1
2020-06-11 14:32:58.398 [XNIO-1 task-54] INFO  com.july.company.intercepts.LoginIntercept - 缓存的userId:2,loginType:1
2020-06-11 14:32:58.402 [XNIO-1 task-56] INFO  com.july.company.intercepts.LoginIntercept - 缓存的userId:2,loginType:1
2020-06-11 14:33:09.838 [XNIO-1 task-58] INFO  com.july.company.intercepts.LoginIntercept - 缓存的userId:2,loginType:1
2020-06-11 14:33:09.849 [XNIO-1 task-60] INFO  com.july.company.intercepts.LoginIntercept - 缓存的userId:2,loginType:1
2020-06-11 14:33:12.158 [XNIO-1 task-61] INFO  com.july.company.intercepts.LoginIntercept - 缓存的userId:2,loginType:1
2020-06-11 14:33:12.162 [XNIO-1 task-63] INFO  com.july.company.intercepts.LoginIntercept - 缓存的userId:2,loginType:1
2020-06-11 14:34:15.425 [XNIO-1 task-2] INFO  com.july.company.intercepts.LoginIntercept - 缓存的userId:2,loginType:1
2020-06-11 14:43:50.796 [XNIO-1 task-6] INFO  com.july.company.utils.JwtUtils - {nbf=1591857830, loginType=1, iss=, iat=1591857830, userId=2, from_service=, token=3413DD950450406DB86508D4D7C7BE2E}
2020-06-11 14:43:50.986 [XNIO-1 task-7] INFO  com.july.company.intercepts.LoginIntercept - 缓存的userId:2,loginType:1
2020-06-11 14:43:51.112 [XNIO-1 task-8] INFO  com.july.company.intercepts.LoginIntercept - 缓存的userId:2,loginType:1
2020-06-11 14:43:54.214 [XNIO-1 task-12] INFO  com.july.company.intercepts.LoginIntercept - 缓存的userId:2,loginType:1
2020-06-11 14:43:54.215 [XNIO-1 task-13] INFO  com.july.company.intercepts.LoginIntercept - 缓存的userId:2,loginType:1
2020-06-11 14:45:10.888 [XNIO-1 task-16] INFO  com.july.company.intercepts.LoginIntercept - 缓存的userId:2,loginType:1
2020-06-11 14:45:43.552 [XNIO-1 task-18] INFO  com.july.company.utils.JwtUtils - {nbf=1591857943, loginType=1, iss=, iat=1591857943, userId=2, from_service=, token=8B00CA20A2B64C6A8033A0E163A358B6}
2020-06-11 14:45:43.745 [XNIO-1 task-21] INFO  com.july.company.intercepts.LoginIntercept - 缓存的userId:2,loginType:1
2020-06-11 14:45:43.951 [XNIO-1 task-22] INFO  com.july.company.intercepts.LoginIntercept - 缓存的userId:2,loginType:1
2020-06-11 14:45:45.511 [XNIO-1 task-26] INFO  com.july.company.intercepts.LoginIntercept - 缓存的userId:2,loginType:1
2020-06-11 14:45:45.512 [XNIO-1 task-27] INFO  com.july.company.intercepts.LoginIntercept - 缓存的userId:2,loginType:1
2020-06-11 14:46:43.191 [XNIO-1 task-29] INFO  com.july.company.utils.JwtUtils - {nbf=1591858003, loginType=1, iss=, iat=1591858003, userId=2, from_service=, token=9D0B38847E7A4B22981133C77E03B284}
2020-06-11 14:46:43.415 [XNIO-1 task-30] INFO  com.july.company.intercepts.LoginIntercept - 缓存的userId:2,loginType:1
2020-06-11 14:46:43.444 [XNIO-1 task-33] INFO  com.july.company.intercepts.LoginIntercept - 缓存的userId:2,loginType:1
2020-06-11 14:46:45.525 [XNIO-1 task-35] INFO  com.july.company.intercepts.LoginIntercept - 缓存的userId:2,loginType:1
2020-06-11 14:46:45.529 [XNIO-1 task-36] INFO  com.july.company.intercepts.LoginIntercept - 缓存的userId:2,loginType:1
2020-06-11 14:47:43.895 [XNIO-1 task-39] INFO  com.july.company.intercepts.LoginIntercept - 缓存的userId:2,loginType:1
2020-06-11 14:49:09.883 [XNIO-1 task-43] INFO  com.july.company.utils.JwtUtils - {nbf=1591858149, loginType=1, iss=, iat=1591858149, userId=2, from_service=, token=BF1AB31F076243E6830EC552C4B7AB93}
2020-06-11 14:49:10.111 [XNIO-1 task-45] INFO  com.july.company.intercepts.LoginIntercept - 缓存的userId:2,loginType:1
2020-06-11 14:49:10.315 [XNIO-1 task-47] INFO  com.july.company.intercepts.LoginIntercept - 缓存的userId:2,loginType:1
2020-06-11 14:49:12.090 [XNIO-1 task-49] INFO  com.july.company.intercepts.LoginIntercept - 缓存的userId:2,loginType:1
2020-06-11 14:49:12.095 [XNIO-1 task-52] INFO  com.july.company.intercepts.LoginIntercept - 缓存的userId:2,loginType:1
2020-06-11 14:50:28.909 [XNIO-1 task-55] INFO  com.july.company.intercepts.LoginIntercept - 缓存的userId:2,loginType:1
2020-06-11 14:52:52.058 [XNIO-1 task-57] INFO  com.july.company.utils.JwtUtils - {nbf=1591858372, loginType=1, iss=, iat=1591858372, userId=2, from_service=, token=27E3EDECF1D04DBF86A3B0C842F3023F}
2020-06-11 14:52:52.310 [XNIO-1 task-58] INFO  com.july.company.intercepts.LoginIntercept - 缓存的userId:2,loginType:1
2020-06-11 14:52:52.447 [XNIO-1 task-62] INFO  com.july.company.intercepts.LoginIntercept - 缓存的userId:2,loginType:1
2020-06-11 14:52:54.176 [XNIO-1 task-63] INFO  com.july.company.intercepts.LoginIntercept - 缓存的userId:2,loginType:1
2020-06-11 14:52:54.210 [XNIO-1 task-64] INFO  com.july.company.intercepts.LoginIntercept - 缓存的userId:2,loginType:1
2020-06-11 14:52:55.439 [XNIO-1 task-6] INFO  com.july.company.intercepts.LoginIntercept - 缓存的userId:2,loginType:1
2020-06-11 14:53:04.590 [XNIO-1 task-7] INFO  com.july.company.intercepts.LoginIntercept - 缓存的userId:2,loginType:1
2020-06-11 14:53:04.730 [XNIO-1 task-8] INFO  com.july.company.intercepts.LoginIntercept - 缓存的userId:2,loginType:1
2020-06-11 14:53:04.943 [XNIO-1 task-12] INFO  com.july.company.intercepts.LoginIntercept - 缓存的userId:2,loginType:1
2020-06-11 14:53:04.943 [XNIO-1 task-13] INFO  com.july.company.intercepts.LoginIntercept - 缓存的userId:2,loginType:1
2020-06-11 14:53:06.631 [XNIO-1 task-17] INFO  com.july.company.intercepts.LoginIntercept - 缓存的userId:2,loginType:1
2020-06-11 14:54:01.489 [XNIO-1 task-18] INFO  com.july.company.intercepts.LoginIntercept - 缓存的userId:2,loginType:1
2020-06-11 14:54:01.619 [XNIO-1 task-21] INFO  com.july.company.intercepts.LoginIntercept - 缓存的userId:2,loginType:1
2020-06-11 14:54:01.780 [XNIO-1 task-22] INFO  com.july.company.intercepts.LoginIntercept - 缓存的userId:2,loginType:1
2020-06-11 14:54:01.811 [XNIO-1 task-25] INFO  com.july.company.intercepts.LoginIntercept - 缓存的userId:2,loginType:1
2020-06-11 14:54:03.564 [XNIO-1 task-29] INFO  com.july.company.intercepts.LoginIntercept - 缓存的userId:2,loginType:1
2020-06-11 14:56:10.243 [XNIO-1 task-32] INFO  com.july.company.intercepts.LoginIntercept - 缓存的userId:2,loginType:1
2020-06-11 14:56:10.251 [XNIO-1 task-33] INFO  com.july.company.intercepts.LoginIntercept - 缓存的userId:2,loginType:1
2020-06-11 14:58:20.601 [XNIO-1 task-37] INFO  com.july.company.intercepts.LoginIntercept - 缓存的userId:2,loginType:1
2020-06-11 14:58:20.628 [XNIO-1 task-36] INFO  com.july.company.intercepts.LoginIntercept - 缓存的userId:2,loginType:1
2020-06-11 14:58:20.942 [XNIO-1 task-40] INFO  com.july.company.intercepts.LoginIntercept - 缓存的userId:2,loginType:1
2020-06-11 14:58:20.945 [XNIO-1 task-39] INFO  com.july.company.intercepts.LoginIntercept - 缓存的userId:2,loginType:1
2020-06-11 14:58:20.945 [XNIO-1 task-43] INFO  com.july.company.intercepts.LoginIntercept - 缓存的userId:2,loginType:1
2020-06-11 14:58:20.947 [XNIO-1 task-44] INFO  com.july.company.intercepts.LoginIntercept - 缓存的userId:2,loginType:1
2020-06-11 14:58:44.646 [XNIO-1 task-46] INFO  com.july.company.utils.JwtUtils - {nbf=1591858724, loginType=1, iss=, iat=1591858724, userId=2, from_service=, token=A9FAAD58CCB64533B2B2B698DC3323C9}
2020-06-11 14:58:44.737 [XNIO-1 task-48] INFO  com.july.company.intercepts.LoginIntercept - 缓存的userId:2,loginType:1
2020-06-11 14:58:44.775 [XNIO-1 task-49] INFO  com.july.company.intercepts.LoginIntercept - 缓存的userId:2,loginType:1
2020-06-11 14:58:46.478 [XNIO-1 task-53] INFO  com.july.company.intercepts.LoginIntercept - 缓存的userId:2,loginType:1
2020-06-11 14:58:46.484 [XNIO-1 task-55] INFO  com.july.company.intercepts.LoginIntercept - 缓存的userId:2,loginType:1
2020-06-11 14:58:46.862 [XNIO-1 task-54] INFO  com.july.company.intercepts.LoginIntercept - 缓存的userId:2,loginType:1
2020-06-11 14:58:46.870 [XNIO-1 task-57] INFO  com.july.company.intercepts.LoginIntercept - 缓存的userId:2,loginType:1
2020-06-11 15:00:35.712 [XNIO-1 task-58] INFO  com.july.company.utils.JwtUtils - {nbf=1591858835, loginType=1, iss=, iat=1591858835, userId=2, from_service=, token=163C2E2876C74E4EAD7BABF1B8094C59}
2020-06-11 15:00:35.979 [XNIO-1 task-62] INFO  com.july.company.intercepts.LoginIntercept - 缓存的userId:2,loginType:1
2020-06-11 15:00:36.133 [XNIO-1 task-63] INFO  com.july.company.intercepts.LoginIntercept - 缓存的userId:2,loginType:1
2020-06-11 15:00:39.819 [XNIO-1 task-64] INFO  com.july.company.intercepts.LoginIntercept - 缓存的userId:2,loginType:1
2020-06-11 15:00:39.831 [XNIO-1 task-5] INFO  com.july.company.intercepts.LoginIntercept - 缓存的userId:2,loginType:1
2020-06-11 15:03:56.447 [XNIO-1 task-7] INFO  com.july.company.intercepts.LoginIntercept - 缓存的userId:2,loginType:1
2020-06-11 15:03:56.449 [XNIO-1 task-8] INFO  com.july.company.intercepts.LoginIntercept - 缓存的userId:2,loginType:1
2020-06-11 15:04:01.340 [XNIO-1 task-11] INFO  com.july.company.intercepts.LoginIntercept - 缓存的userId:2,loginType:1
2020-06-11 15:04:01.465 [XNIO-1 task-13] INFO  com.july.company.intercepts.LoginIntercept - 缓存的userId:2,loginType:1
2020-06-11 15:04:01.616 [XNIO-1 task-14] INFO  com.july.company.intercepts.LoginIntercept - 缓存的userId:2,loginType:1
2020-06-11 15:04:01.626 [XNIO-1 task-16] INFO  com.july.company.intercepts.LoginIntercept - 缓存的userId:2,loginType:1
2020-06-11 15:04:01.633 [XNIO-1 task-18] INFO  com.july.company.intercepts.LoginIntercept - 缓存的userId:2,loginType:1
2020-06-11 15:04:01.633 [XNIO-1 task-20] INFO  com.july.company.intercepts.LoginIntercept - 缓存的userId:2,loginType:1
2020-06-11 15:04:52.911 [XNIO-1 task-22] INFO  com.july.company.intercepts.LoginIntercept - 缓存的userId:2,loginType:1
2020-06-11 15:04:53.119 [XNIO-1 task-27] INFO  com.july.company.intercepts.LoginIntercept - 缓存的userId:2,loginType:1
2020-06-11 15:04:53.497 [XNIO-1 task-29] INFO  com.july.company.intercepts.LoginIntercept - 缓存的userId:2,loginType:1
2020-06-11 15:04:53.547 [XNIO-1 task-31] INFO  com.july.company.intercepts.LoginIntercept - 缓存的userId:2,loginType:1
2020-06-11 15:04:53.572 [XNIO-1 task-32] INFO  com.july.company.intercepts.LoginIntercept - 缓存的userId:2,loginType:1
2020-06-11 15:04:53.581 [XNIO-1 task-33] INFO  com.july.company.intercepts.LoginIntercept - 缓存的userId:2,loginType:1
2020-06-11 15:06:08.105 [XNIO-1 task-36] INFO  com.july.company.utils.JwtUtils - {nbf=1591859168, loginType=1, iss=, iat=1591859168, userId=2, from_service=, token=8F05DE8A3B494276B9DA7790384789F0}
2020-06-11 15:06:08.246 [XNIO-1 task-42] INFO  com.july.company.intercepts.LoginIntercept - 缓存的userId:2,loginType:1
2020-06-11 15:06:08.257 [XNIO-1 task-39] INFO  com.july.company.intercepts.LoginIntercept - 缓存的userId:2,loginType:1
2020-06-11 15:06:10.448 [XNIO-1 task-43] INFO  com.july.company.intercepts.LoginIntercept - 缓存的userId:2,loginType:1
2020-06-11 15:06:10.455 [XNIO-1 task-45] INFO  com.july.company.intercepts.LoginIntercept - 缓存的userId:2,loginType:1
2020-06-11 15:08:35.048 [XNIO-1 task-51] INFO  com.july.company.utils.JwtUtils - {nbf=1591859315, loginType=1, iss=, iat=1591859315, userId=2, from_service=, token=C4EEC27F18EF40518D6B00791A4E0E83}
2020-06-11 15:08:35.166 [XNIO-1 task-52] INFO  com.july.company.intercepts.LoginIntercept - 缓存的userId:2,loginType:1
2020-06-11 15:08:35.175 [XNIO-1 task-53] INFO  com.july.company.intercepts.LoginIntercept - 缓存的userId:2,loginType:1
2020-06-11 15:08:37.379 [XNIO-1 task-57] INFO  com.july.company.intercepts.LoginIntercept - 缓存的userId:2,loginType:1
2020-06-11 15:08:37.379 [XNIO-1 task-54] INFO  com.july.company.intercepts.LoginIntercept - 缓存的userId:2,loginType:1
2020-06-11 15:11:35.862 [XNIO-1 task-62] INFO  com.july.company.utils.JwtUtils - {nbf=1591859495, loginType=1, iss=, iat=1591859495, userId=2, from_service=, token=2D3AAA93259B45DDBE0C6315ACD95685}
2020-06-11 15:11:35.977 [XNIO-1 task-63] INFO  com.july.company.intercepts.LoginIntercept - 缓存的userId:2,loginType:1
2020-06-11 15:11:35.984 [XNIO-1 task-3] INFO  com.july.company.intercepts.LoginIntercept - 缓存的userId:2,loginType:1
2020-06-11 15:11:39.191 [XNIO-1 task-6] INFO  com.july.company.intercepts.LoginIntercept - 缓存的userId:2,loginType:1
2020-06-11 15:11:39.191 [XNIO-1 task-2] INFO  com.july.company.intercepts.LoginIntercept - 缓存的userId:2,loginType:1
2020-06-11 15:14:24.195 [XNIO-1 task-11] INFO  com.july.company.utils.JwtUtils - {nbf=1591859664, loginType=1, iss=, iat=1591859664, userId=2, from_service=, token=E25BF8D307C243C1B702002DAFED182F}
2020-06-11 15:14:24.297 [XNIO-1 task-13] INFO  com.july.company.intercepts.LoginIntercept - 缓存的userId:2,loginType:1
2020-06-11 15:14:24.338 [XNIO-1 task-17] INFO  com.july.company.intercepts.LoginIntercept - 缓存的userId:2,loginType:1
2020-06-11 15:14:25.839 [XNIO-1 task-14] INFO  com.july.company.intercepts.LoginIntercept - 缓存的userId:2,loginType:1
2020-06-11 15:14:25.841 [XNIO-1 task-18] INFO  com.july.company.intercepts.LoginIntercept - 缓存的userId:2,loginType:1
2020-06-11 15:16:30.943 [XNIO-1 task-24] INFO  com.july.company.utils.JwtUtils - {nbf=1591859790, loginType=1, iss=, iat=1591859790, userId=2, from_service=, token=724723E83C6842B9BB62E6A1071B422F}
2020-06-11 15:16:31.055 [XNIO-1 task-25] INFO  com.july.company.intercepts.LoginIntercept - 缓存的userId:2,loginType:1
2020-06-11 15:16:31.064 [XNIO-1 task-26] INFO  com.july.company.intercepts.LoginIntercept - 缓存的userId:2,loginType:1
2020-06-11 15:16:33.040 [XNIO-1 task-31] INFO  com.july.company.intercepts.LoginIntercept - 缓存的userId:2,loginType:1
2020-06-11 15:16:33.040 [XNIO-1 task-30] INFO  com.july.company.intercepts.LoginIntercept - 缓存的userId:2,loginType:1
2020-06-11 15:16:33.422 [XNIO-1 task-32] INFO  com.july.company.intercepts.LoginIntercept - 缓存的userId:2,loginType:1
2020-06-11 15:16:33.423 [XNIO-1 task-34] INFO  com.july.company.intercepts.LoginIntercept - 缓存的userId:2,loginType:1
2020-06-11 15:22:08.306 [XNIO-1 task-38] INFO  com.july.company.intercepts.LoginIntercept - 缓存的userId:2,loginType:1
2020-06-11 15:22:08.391 [XNIO-1 task-42] INFO  com.july.company.intercepts.LoginIntercept - 缓存的userId:2,loginType:1
2020-06-11 15:22:09.022 [XNIO-1 task-45] INFO  com.july.company.intercepts.LoginIntercept - 缓存的userId:2,loginType:1
2020-06-11 15:22:09.024 [XNIO-1 task-47] INFO  com.july.company.intercepts.LoginIntercept - 缓存的userId:2,loginType:1
2020-06-11 15:22:09.024 [XNIO-1 task-46] INFO  com.july.company.intercepts.LoginIntercept - 缓存的userId:2,loginType:1
2020-06-11 15:22:09.033 [XNIO-1 task-48] INFO  com.july.company.intercepts.LoginIntercept - 缓存的userId:2,loginType:1
2020-06-11 15:22:11.194 [XNIO-1 task-51] INFO  com.july.company.intercepts.LoginIntercept - 缓存的userId:2,loginType:1
2020-06-11 15:22:11.337 [XNIO-1 task-49] INFO  com.july.company.intercepts.LoginIntercept - 缓存的userId:2,loginType:1
2020-06-11 15:22:11.570 [XNIO-1 task-50] INFO  com.july.company.intercepts.LoginIntercept - 缓存的userId:2,loginType:1
2020-06-11 15:22:11.584 [XNIO-1 task-53] INFO  com.july.company.intercepts.LoginIntercept - 缓存的userId:2,loginType:1
2020-06-11 15:22:11.583 [XNIO-1 task-52] INFO  com.july.company.intercepts.LoginIntercept - 缓存的userId:2,loginType:1
2020-06-11 15:22:11.584 [XNIO-1 task-56] INFO  com.july.company.intercepts.LoginIntercept - 缓存的userId:2,loginType:1
2020-06-11 15:23:26.066 [XNIO-1 task-59] INFO  com.july.company.intercepts.LoginIntercept - 缓存的userId:2,loginType:1
2020-06-11 15:23:26.234 [XNIO-1 task-60] INFO  com.july.company.intercepts.LoginIntercept - 缓存的userId:2,loginType:1
2020-06-11 15:23:26.437 [XNIO-1 task-61] INFO  com.july.company.intercepts.LoginIntercept - 缓存的userId:2,loginType:1
2020-06-11 15:23:26.444 [XNIO-1 task-63] INFO  com.july.company.intercepts.LoginIntercept - 缓存的userId:2,loginType:1
2020-06-11 15:23:26.465 [XNIO-1 task-3] INFO  com.july.company.intercepts.LoginIntercept - 缓存的userId:2,loginType:1
2020-06-11 15:23:26.468 [XNIO-1 task-63] INFO  com.july.company.intercepts.LoginIntercept - 缓存的userId:2,loginType:1
2020-06-11 15:27:35.960 [XNIO-1 task-9] INFO  com.july.company.intercepts.LoginIntercept - 缓存的userId:2,loginType:1
2020-06-11 15:27:36.097 [XNIO-1 task-8] INFO  com.july.company.intercepts.LoginIntercept - 缓存的userId:2,loginType:1
2020-06-11 15:27:36.312 [XNIO-1 task-11] INFO  com.july.company.intercepts.LoginIntercept - 缓存的userId:2,loginType:1
2020-06-11 15:27:36.318 [XNIO-1 task-12] INFO  com.july.company.intercepts.LoginIntercept - 缓存的userId:2,loginType:1
2020-06-11 15:27:36.325 [XNIO-1 task-17] INFO  com.july.company.intercepts.LoginIntercept - 缓存的userId:2,loginType:1
2020-06-11 15:27:36.325 [XNIO-1 task-19] INFO  com.july.company.intercepts.LoginIntercept - 缓存的userId:2,loginType:1
2020-06-11 15:27:46.381 [XNIO-1 task-20] INFO  com.july.company.intercepts.LoginIntercept - 缓存的userId:2,loginType:1
2020-06-11 15:27:46.398 [XNIO-1 task-23] INFO  com.july.company.intercepts.LoginIntercept - 缓存的userId:2,loginType:1
2020-06-11 15:27:46.561 [XNIO-1 task-22] INFO  com.july.company.intercepts.LoginIntercept - 缓存的userId:2,loginType:1
2020-06-11 15:27:46.571 [XNIO-1 task-27] INFO  com.july.company.intercepts.LoginIntercept - 缓存的userId:2,loginType:1
2020-06-11 15:27:46.578 [XNIO-1 task-29] INFO  com.july.company.intercepts.LoginIntercept - 缓存的userId:2,loginType:1
2020-06-11 15:27:46.580 [XNIO-1 task-28] INFO  com.july.company.intercepts.LoginIntercept - 缓存的userId:2,loginType:1
2020-06-11 15:27:56.453 [XNIO-1 task-32] INFO  com.july.company.utils.JwtUtils - {nbf=1591860476, loginType=1, iss=, iat=1591860476, userId=2, from_service=, token=843B1F3169E74AAC98A74476F0783B29}
2020-06-11 15:27:56.627 [XNIO-1 task-35] INFO  com.july.company.intercepts.LoginIntercept - 缓存的userId:2,loginType:1
2020-06-11 15:27:56.641 [XNIO-1 task-36] INFO  com.july.company.intercepts.LoginIntercept - 缓存的userId:2,loginType:1
2020-06-11 15:28:00.622 [XNIO-1 task-42] INFO  com.july.company.intercepts.LoginIntercept - 缓存的userId:2,loginType:1
2020-06-11 15:28:00.622 [XNIO-1 task-39] INFO  com.july.company.intercepts.LoginIntercept - 缓存的userId:2,loginType:1
2020-06-11 15:28:06.310 [XNIO-1 task-45] INFO  com.july.company.intercepts.LoginIntercept - 缓存的userId:2,loginType:1
2020-06-11 15:29:19.776 [XNIO-1 task-48] INFO  com.july.company.utils.JwtUtils - {nbf=1591860559, loginType=1, iss=, iat=1591860559, userId=2, from_service=, token=E1306580FB884D51939DF8E651F3BECD}
2020-06-11 15:29:19.956 [XNIO-1 task-51] INFO  com.july.company.intercepts.LoginIntercept - 缓存的userId:2,loginType:1
2020-06-11 15:29:19.961 [XNIO-1 task-50] INFO  com.july.company.intercepts.LoginIntercept - 缓存的userId:2,loginType:1
2020-06-11 15:29:23.111 [XNIO-1 task-55] INFO  com.july.company.intercepts.LoginIntercept - 缓存的userId:2,loginType:1
2020-06-11 15:29:23.111 [XNIO-1 task-52] INFO  com.july.company.intercepts.LoginIntercept - 缓存的userId:2,loginType:1
2020-06-11 16:07:03.563 [XNIO-1 task-58] INFO  com.july.company.utils.JwtUtils - {nbf=1591862823, loginType=1, iss=, iat=1591862823, userId=2, from_service=, token=F41A0C1BEE9B43909864D281C82DBA75}
2020-06-11 16:07:03.930 [XNIO-1 task-62] INFO  com.july.company.intercepts.LoginIntercept - 缓存的userId:2,loginType:1
2020-06-11 16:07:03.938 [XNIO-1 task-61] INFO  com.july.company.intercepts.LoginIntercept - 缓存的userId:2,loginType:1
2020-06-11 16:07:05.910 [XNIO-1 task-64] INFO  com.july.company.intercepts.LoginIntercept - 缓存的userId:2,loginType:1
2020-06-11 16:07:05.915 [XNIO-1 task-63] INFO  com.july.company.intercepts.LoginIntercept - 缓存的userId:2,loginType:1
2020-06-11 16:07:28.668 [XNIO-1 task-9] INFO  com.july.company.intercepts.LoginIntercept - 缓存的userId:2,loginType:1
2020-06-11 16:07:28.673 [XNIO-1 task-8] INFO  com.july.company.intercepts.LoginIntercept - 缓存的userId:2,loginType:1
2020-06-11 16:08:50.206 [XNIO-1 task-11] INFO  com.july.company.utils.JwtUtils - {nbf=1591862930, loginType=1, iss=, iat=1591862930, userId=2, from_service=, token=7D6047C622FA4EFDB0B65C03C2F45DCA}
2020-06-11 16:08:50.360 [XNIO-1 task-17] INFO  com.july.company.intercepts.LoginIntercept - 缓存的userId:2,loginType:1
2020-06-11 16:08:50.424 [XNIO-1 task-16] INFO  com.july.company.intercepts.LoginIntercept - 缓存的userId:2,loginType:1
2020-06-11 16:08:52.879 [XNIO-1 task-20] INFO  com.july.company.intercepts.LoginIntercept - 缓存的userId:2,loginType:1
2020-06-11 16:08:52.879 [XNIO-1 task-21] INFO  com.july.company.intercepts.LoginIntercept - 缓存的userId:2,loginType:1
2020-06-11 16:11:08.072 [XNIO-1 task-26] INFO  com.july.company.utils.JwtUtils - {nbf=1591863068, loginType=1, iss=, iat=1591863068, userId=2, from_service=, token=887DE022778D48959B92C0FA8DB8B39B}
2020-06-11 16:11:08.215 [XNIO-1 task-27] INFO  com.july.company.intercepts.LoginIntercept - 缓存的userId:2,loginType:1
2020-06-11 16:11:08.229 [XNIO-1 task-28] INFO  com.july.company.intercepts.LoginIntercept - 缓存的userId:2,loginType:1
2020-06-11 16:11:10.485 [XNIO-1 task-31] INFO  com.july.company.intercepts.LoginIntercept - 缓存的userId:2,loginType:1
2020-06-11 16:11:10.493 [XNIO-1 task-32] INFO  com.july.company.intercepts.LoginIntercept - 缓存的userId:2,loginType:1
2020-06-11 16:12:08.053 [XNIO-1 task-36] INFO  com.july.company.utils.JwtUtils - {nbf=1591863128, loginType=1, iss=, iat=1591863128, userId=2, from_service=, token=EBF180511500464AAAE4414C913D3F73}
2020-06-11 16:12:08.202 [XNIO-1 task-41] INFO  com.july.company.intercepts.LoginIntercept - 缓存的userId:2,loginType:1
2020-06-11 16:12:08.214 [XNIO-1 task-39] INFO  com.july.company.intercepts.LoginIntercept - 缓存的userId:2,loginType:1
2020-06-11 16:12:09.869 [XNIO-1 task-44] INFO  com.july.company.intercepts.LoginIntercept - 缓存的userId:2,loginType:1
2020-06-11 16:12:09.878 [XNIO-1 task-45] INFO  com.july.company.intercepts.LoginIntercept - 缓存的userId:2,loginType:1
2020-06-11 16:12:55.216 [XNIO-1 task-49] INFO  com.july.company.utils.JwtUtils - {nbf=1591863175, loginType=1, iss=, iat=1591863175, userId=2, from_service=, token=6A44244F845645F7A130023F01D4D645}
2020-06-11 16:12:55.292 [XNIO-1 task-50] INFO  com.july.company.intercepts.LoginIntercept - 缓存的userId:2,loginType:1
2020-06-11 16:12:55.328 [XNIO-1 task-56] INFO  com.july.company.intercepts.LoginIntercept - 缓存的userId:2,loginType:1
2020-06-11 16:12:57.877 [XNIO-1 task-55] INFO  com.july.company.intercepts.LoginIntercept - 缓存的userId:2,loginType:1
2020-06-11 16:12:57.885 [XNIO-1 task-54] INFO  com.july.company.intercepts.LoginIntercept - 缓存的userId:2,loginType:1
2020-06-11 16:17:04.185 [XNIO-1 task-1] INFO  com.july.company.intercepts.LoginIntercept - 缓存的userId:2,loginType:1
2020-06-11 16:17:04.218 [XNIO-1 task-61] INFO  com.july.company.intercepts.LoginIntercept - 缓存的userId:2,loginType:1
2020-06-11 16:17:04.382 [XNIO-1 task-63] INFO  com.july.company.intercepts.LoginIntercept - 缓存的userId:2,loginType:1
2020-06-11 16:17:04.382 [XNIO-1 task-64] INFO  com.july.company.intercepts.LoginIntercept - 缓存的userId:2,loginType:1
2020-06-11 16:17:43.865 [XNIO-1 task-2] INFO  com.july.company.utils.JwtUtils - {nbf=1591863463, loginType=1, iss=, iat=1591863463, userId=2, from_service=, token=4D3F13FC9B884352B3FB2079A70F13A4}
2020-06-11 16:17:44.004 [XNIO-1 task-7] INFO  com.july.company.intercepts.LoginIntercept - 缓存的userId:2,loginType:1
2020-06-11 16:17:44.016 [XNIO-1 task-8] INFO  com.july.company.intercepts.LoginIntercept - 缓存的userId:2,loginType:1
2020-06-11 16:17:45.334 [XNIO-1 task-13] INFO  com.july.company.intercepts.LoginIntercept - 缓存的userId:2,loginType:1
2020-06-11 16:17:45.339 [XNIO-1 task-11] INFO  com.july.company.intercepts.LoginIntercept - 缓存的userId:2,loginType:1
2020-06-11 16:27:35.728 [XNIO-1 task-16] INFO  com.july.company.utils.JwtUtils - {nbf=1591864055, loginType=1, iss=, iat=1591864055, userId=2, from_service=, token=96A861D83BC746F3AAED95CAF9F7FAAC}
2020-06-11 16:27:35.844 [XNIO-1 task-18] INFO  com.july.company.intercepts.LoginIntercept - 缓存的userId:2,loginType:1
2020-06-11 16:27:35.921 [XNIO-1 task-21] INFO  com.july.company.intercepts.LoginIntercept - 缓存的userId:2,loginType:1
2020-06-11 16:27:37.852 [XNIO-1 task-24] INFO  com.july.company.intercepts.LoginIntercept - 缓存的userId:2,loginType:1
2020-06-11 16:27:37.861 [XNIO-1 task-26] INFO  com.july.company.intercepts.LoginIntercept - 缓存的userId:2,loginType:1
2020-06-11 16:27:47.533 [XNIO-1 task-28] INFO  com.july.company.intercepts.LoginIntercept - 缓存的userId:2,loginType:1
2020-06-11 16:27:47.558 [XNIO-1 task-28] INFO  com.july.company.intercepts.LoginIntercept - 缓存的userId:2,loginType:1
2020-06-11 16:28:31.385 [Thread-31] INFO  c.a.cloud.nacos.registry.NacosServiceRegistry - De-registering from Nacos Server now...
2020-06-11 16:28:31.386 [Thread-31] INFO  com.alibaba.nacos.client.naming - [BEAT] removing beat: DEFAULT_GROUP@@com.company.finance:192.168.0.21:9001 from beat map.
2020-06-11 16:28:31.387 [Thread-31] INFO  com.alibaba.nacos.client.naming - [DEREGISTER-SERVICE] 44f3ec72-5331-4305-a0c0-5e773ef15f33 deregistering service DEFAULT_GROUP@@com.company.finance with instance: {"clusterName":"DEFAULT","enabled":true,"ephemeral":true,"healthy":true,"instanceHeartBeatInterval":5000,"instanceHeartBeatTimeOut":15000,"ip":"192.168.0.21","ipDeleteTimeout":30000,"metadata":{},"port":9001,"weight":1.0}
2020-06-11 16:28:31.406 [Thread-31] INFO  c.a.cloud.nacos.registry.NacosServiceRegistry - De-registration finished.
2020-06-11 16:28:31.408 [Thread-31] INFO  o.s.scheduling.concurrent.ThreadPoolTaskExecutor - Shutting down ExecutorService 'applicationTaskExecutor'
2020-06-11 16:28:32.559 [Thread-31] INFO  com.alibaba.druid.pool.DruidDataSource - {dataSource-1} closing ...
2020-06-11 16:28:32.570 [Thread-31] INFO  com.alibaba.druid.pool.DruidDataSource - {dataSource-1} closed
2020-06-11 16:28:32.575 [Thread-31] INFO  io.undertow.servlet - Destroying Spring FrameworkServlet 'dispatcherServlet'
2020-06-11 16:28:50.323 [restartedMain] INFO  o.s.b.d.env.DevToolsPropertyDefaultsPostProcessor - Devtools property defaults active! Set 'spring.devtools.add-properties' to 'false' to disable
2020-06-11 16:28:50.571 [restartedMain] INFO  o.s.c.s.PostProcessorRegistrationDelegate$BeanPostProcessorChecker - Bean 'org.springframework.cloud.autoconfigure.ConfigurationPropertiesRebinderAutoConfiguration' of type [org.springframework.cloud.autoconfigure.ConfigurationPropertiesRebinderAutoConfiguration$$EnhancerBySpringCGLIB$$eff98174] is not eligible for getting processed by all BeanPostProcessors (for example: not eligible for auto-proxying)
2020-06-11 16:28:50.839 [restartedMain] INFO  c.a.cloud.nacos.client.NacosPropertySourceBuilder - Loading nacos data, dataId: 'common.yml', group: 'DEFAULT_GROUP'
2020-06-11 16:28:50.852 [restartedMain] INFO  c.a.cloud.nacos.client.NacosPropertySourceBuilder - Loading nacos data, dataId: 'com.company.finance.yml', group: 'DEFAULT_GROUP'
2020-06-11 16:28:50.862 [restartedMain] INFO  o.s.c.b.c.PropertySourceBootstrapConfiguration - Located property source: CompositePropertySource {name='NACOS', propertySources=[NacosPropertySource {name='com.company.finance-dev.yml'}, NacosPropertySource {name='com.company.finance.yml'}, NacosPropertySource {name='common.yml'}]}
2020-06-11 16:28:50.889 [restartedMain] INFO  com.july.CompanyApplication - The following profiles are active: dev
2020-06-11 16:28:52.031 [restartedMain] INFO  o.s.d.r.config.RepositoryConfigurationDelegate - Multiple Spring Data modules found, entering strict repository configuration mode!
2020-06-11 16:28:52.033 [restartedMain] INFO  o.s.d.r.config.RepositoryConfigurationDelegate - Bootstrapping Spring Data repositories in DEFAULT mode.
2020-06-11 16:28:52.082 [restartedMain] INFO  o.s.d.r.config.RepositoryConfigurationDelegate - Finished Spring Data repository scanning in 33ms. Found 0 repository interfaces.
2020-06-11 16:28:52.371 [restartedMain] INFO  o.springframework.cloud.context.scope.GenericScope - BeanFactory id=7af583bf-1a9d-3a45-84d7-1e3e686e38d1
2020-06-11 16:28:52.478 [restartedMain] INFO  o.s.c.s.PostProcessorRegistrationDelegate$BeanPostProcessorChecker - Bean 'org.springframework.transaction.annotation.ProxyTransactionManagementConfiguration' of type [org.springframework.transaction.annotation.ProxyTransactionManagementConfiguration$$EnhancerBySpringCGLIB$$d3df7e77] is not eligible for getting processed by all BeanPostProcessors (for example: not eligible for auto-proxying)
2020-06-11 16:28:52.594 [restartedMain] INFO  o.s.c.s.PostProcessorRegistrationDelegate$BeanPostProcessorChecker - Bean 'redisConfig' of type [com.july.company.config.RedisConfig$$EnhancerBySpringCGLIB$$a892a447] is not eligible for getting processed by all BeanPostProcessors (for example: not eligible for auto-proxying)
2020-06-11 16:28:52.627 [restartedMain] INFO  o.s.c.s.PostProcessorRegistrationDelegate$BeanPostProcessorChecker - Bean 'org.springframework.cloud.autoconfigure.ConfigurationPropertiesRebinderAutoConfiguration' of type [org.springframework.cloud.autoconfigure.ConfigurationPropertiesRebinderAutoConfiguration$$EnhancerBySpringCGLIB$$eff98174] is not eligible for getting processed by all BeanPostProcessors (for example: not eligible for auto-proxying)
2020-06-11 16:28:53.148 [restartedMain] INFO  io.undertow.servlet - Initializing Spring embedded WebApplicationContext
2020-06-11 16:28:53.148 [restartedMain] INFO  org.springframework.web.context.ContextLoader - Root WebApplicationContext: initialization completed in 2244 ms
2020-06-11 16:28:53.158 [restartedMain] INFO  com.july.company.config.CorsConfig - 配置跨域bean
2020-06-11 16:28:53.359 [restartedMain] INFO  com.july.company.intercepts.MybatisPlusConfig - mybatis分页拦截器初始化.
2020-06-11 16:28:53.375 [restartedMain] INFO  c.a.d.s.b.a.DruidDataSourceAutoConfigure - Init DruidDataSource
2020-06-11 16:28:53.479 [restartedMain] INFO  com.alibaba.druid.pool.DruidDataSource - {dataSource-1} inited
2020-06-11 16:28:53.530 [restartedMain] INFO  com.july.company.intercepts.MybatisPlusConfig - mybatis公共字段填充处理器初始化.
2020-06-11 16:28:55.221 [restartedMain] INFO  com.netflix.config.sources.URLConfigurationSource - To enable URLs as dynamic configuration sources, define System property archaius.configurationSource.additionalUrls or make config.properties available on classpath.
2020-06-11 16:28:55.226 [restartedMain] INFO  com.netflix.config.sources.URLConfigurationSource - To enable URLs as dynamic configuration sources, define System property archaius.configurationSource.additionalUrls or make config.properties available on classpath.
2020-06-11 16:28:55.580 [restartedMain] INFO  o.s.scheduling.concurrent.ThreadPoolTaskExecutor - Initializing ExecutorService 'applicationTaskExecutor'
2020-06-11 16:28:56.016 [restartedMain] INFO  com.alibaba.nacos.client.naming - initializer namespace from System Property :null
2020-06-11 16:28:56.017 [restartedMain] INFO  com.alibaba.nacos.client.naming - initializer namespace from System Environment :null
2020-06-11 16:28:56.017 [restartedMain] INFO  com.alibaba.nacos.client.naming - initializer namespace from System Property :null
2020-06-11 16:28:56.047 [restartedMain] INFO  o.s.scheduling.concurrent.ThreadPoolTaskScheduler - Initializing ExecutorService
2020-06-11 16:28:56.519 [restartedMain] INFO  o.s.b.d.autoconfigure.OptionalLiveReloadServer - LiveReload server is running on port 35729
2020-06-11 16:28:56.769 [restartedMain] INFO  org.xnio - XNIO version 3.3.8.Final
2020-06-11 16:28:56.779 [restartedMain] INFO  org.xnio.nio - XNIO NIO Implementation Version 3.3.8.Final
2020-06-11 16:28:56.868 [restartedMain] INFO  o.s.b.w.embedded.undertow.UndertowServletWebServer - Undertow started on port(s) 9001 (http) with context path '/finance'
2020-06-11 16:28:56.874 [restartedMain] INFO  com.alibaba.nacos.client.naming - [BEAT] adding beat: {"cluster":"DEFAULT","ip":"192.168.0.21","metadata":{"preserved.register.source":"SPRING_CLOUD"},"period":5000,"port":9001,"scheduled":false,"serviceName":"DEFAULT_GROUP@@com.company.finance","stopped":false,"weight":1.0} to beat map.
2020-06-11 16:28:56.909 [restartedMain] INFO  com.alibaba.nacos.client.naming - [REGISTER-SERVICE] 44f3ec72-5331-4305-a0c0-5e773ef15f33 registering service DEFAULT_GROUP@@com.company.finance with instance: {"clusterName":"DEFAULT","enabled":true,"ephemeral":true,"healthy":true,"instanceHeartBeatInterval":5000,"instanceHeartBeatTimeOut":15000,"ip":"192.168.0.21","ipDeleteTimeout":30000,"metadata":{"preserved.register.source":"SPRING_CLOUD"},"port":9001,"weight":1.0}
2020-06-11 16:28:56.920 [restartedMain] INFO  c.a.cloud.nacos.registry.NacosServiceRegistry - nacos registry, com.company.finance 192.168.0.21:9001 register finished
2020-06-11 16:28:56.926 [restartedMain] INFO  com.july.CompanyApplication - Started CompanyApplication in 8.376 seconds (JVM running for 10.835)
2020-06-11 16:28:56.928 [restartedMain] INFO  com.july.company.dictionary.BeanDefineConfigue - 字典：START:spring初始化开始======================>
2020-06-11 16:28:57.554 [restartedMain] INFO  com.july.company.dictionary.BeanDefineConfigue - 字典:END:spring初始化完毕======================>
2020-06-11 16:28:57.557 [restartedMain] INFO  com.alibaba.nacos.client.config.impl.ClientWorker - [fixed-192.168.0.21_8848-44f3ec72-5331-4305-a0c0-5e773ef15f33] [subscribe] com.company.finance.yml+DEFAULT_GROUP+44f3ec72-5331-4305-a0c0-5e773ef15f33
2020-06-11 16:28:57.557 [restartedMain] INFO  com.alibaba.nacos.client.config.impl.CacheData - [fixed-192.168.0.21_8848-44f3ec72-5331-4305-a0c0-5e773ef15f33] [add-listener] ok, tenant=44f3ec72-5331-4305-a0c0-5e773ef15f33, dataId=com.company.finance.yml, group=DEFAULT_GROUP, cnt=1
2020-06-11 16:28:57.557 [restartedMain] INFO  com.alibaba.nacos.client.config.impl.ClientWorker - [fixed-192.168.0.21_8848-44f3ec72-5331-4305-a0c0-5e773ef15f33] [subscribe] com.company.finance-dev.yml+DEFAULT_GROUP+44f3ec72-5331-4305-a0c0-5e773ef15f33
2020-06-11 16:28:57.558 [restartedMain] INFO  com.alibaba.nacos.client.config.impl.CacheData - [fixed-192.168.0.21_8848-44f3ec72-5331-4305-a0c0-5e773ef15f33] [add-listener] ok, tenant=44f3ec72-5331-4305-a0c0-5e773ef15f33, dataId=com.company.finance-dev.yml, group=DEFAULT_GROUP, cnt=1
2020-06-11 16:29:07.255 [XNIO-1 task-1] INFO  io.undertow.servlet - Initializing Spring DispatcherServlet 'dispatcherServlet'
2020-06-11 16:29:07.256 [XNIO-1 task-1] INFO  org.springframework.web.servlet.DispatcherServlet - Initializing Servlet 'dispatcherServlet'
2020-06-11 16:29:07.278 [XNIO-1 task-1] INFO  org.springframework.web.servlet.DispatcherServlet - Completed initialization in 22 ms
2020-06-11 16:29:07.920 [XNIO-1 task-3] INFO  com.july.company.intercepts.LoginIntercept - 缓存的userId:2,loginType:1
2020-06-11 16:29:07.920 [XNIO-1 task-7] INFO  com.july.company.intercepts.LoginIntercept - 缓存的userId:2,loginType:1
2020-06-11 16:29:07.920 [XNIO-1 task-4] INFO  com.july.company.intercepts.LoginIntercept - 缓存的userId:2,loginType:1
2020-06-11 16:29:07.920 [XNIO-1 task-5] INFO  com.july.company.intercepts.LoginIntercept - 缓存的userId:2,loginType:1
2020-06-11 16:29:08.088 [XNIO-1 task-3] INFO  io.lettuce.core.EpollProvider - Starting without optional epoll library
2020-06-11 16:29:08.094 [XNIO-1 task-3] INFO  io.lettuce.core.KqueueProvider - Starting without optional kqueue library
2020-06-11 16:29:11.866 [XNIO-1 task-11] INFO  com.july.company.intercepts.LoginIntercept - 缓存的userId:2,loginType:1
2020-06-11 16:29:11.878 [XNIO-1 task-11] INFO  com.july.company.intercepts.LoginIntercept - 缓存的userId:2,loginType:1
2020-06-11 16:29:38.135 [XNIO-1 task-12] INFO  com.july.company.base.AdviceController - BnException:[code=408, message=登录信息不存在] at com.july.company.intercepts.LoginIntercept.preHandle(LoginIntercept.java:67)
2020-06-11 16:30:07.766 [Thread-35] INFO  c.a.cloud.nacos.registry.NacosServiceRegistry - De-registering from Nacos Server now...
2020-06-11 16:30:07.767 [Thread-35] INFO  com.alibaba.nacos.client.naming - [BEAT] removing beat: DEFAULT_GROUP@@com.company.finance:192.168.0.21:9001 from beat map.
2020-06-11 16:30:07.771 [Thread-35] INFO  com.alibaba.nacos.client.naming - [DEREGISTER-SERVICE] 44f3ec72-5331-4305-a0c0-5e773ef15f33 deregistering service DEFAULT_GROUP@@com.company.finance with instance: {"clusterName":"DEFAULT","enabled":true,"ephemeral":true,"healthy":true,"instanceHeartBeatInterval":5000,"instanceHeartBeatTimeOut":15000,"ip":"192.168.0.21","ipDeleteTimeout":30000,"metadata":{},"port":9001,"weight":1.0}
2020-06-11 16:30:07.783 [Thread-35] INFO  c.a.cloud.nacos.registry.NacosServiceRegistry - De-registration finished.
2020-06-11 16:30:07.784 [Thread-35] INFO  o.s.scheduling.concurrent.ThreadPoolTaskExecutor - Shutting down ExecutorService 'applicationTaskExecutor'
2020-06-11 16:30:08.920 [Thread-35] INFO  com.alibaba.druid.pool.DruidDataSource - {dataSource-1} closing ...
2020-06-11 16:30:08.927 [Thread-35] INFO  com.alibaba.druid.pool.DruidDataSource - {dataSource-1} closed
2020-06-11 16:30:08.931 [Thread-35] INFO  io.undertow.servlet - Destroying Spring FrameworkServlet 'dispatcherServlet'
2020-06-11 16:30:17.991 [restartedMain] INFO  o.s.b.d.env.DevToolsPropertyDefaultsPostProcessor - Devtools property defaults active! Set 'spring.devtools.add-properties' to 'false' to disable
2020-06-11 16:30:18.220 [restartedMain] INFO  o.s.c.s.PostProcessorRegistrationDelegate$BeanPostProcessorChecker - Bean 'org.springframework.cloud.autoconfigure.ConfigurationPropertiesRebinderAutoConfiguration' of type [org.springframework.cloud.autoconfigure.ConfigurationPropertiesRebinderAutoConfiguration$$EnhancerBySpringCGLIB$$74745896] is not eligible for getting processed by all BeanPostProcessors (for example: not eligible for auto-proxying)
2020-06-11 16:30:18.464 [restartedMain] INFO  c.a.cloud.nacos.client.NacosPropertySourceBuilder - Loading nacos data, dataId: 'common.yml', group: 'DEFAULT_GROUP'
2020-06-11 16:30:18.476 [restartedMain] INFO  c.a.cloud.nacos.client.NacosPropertySourceBuilder - Loading nacos data, dataId: 'com.company.finance.yml', group: 'DEFAULT_GROUP'
2020-06-11 16:30:18.482 [restartedMain] INFO  o.s.c.b.c.PropertySourceBootstrapConfiguration - Located property source: CompositePropertySource {name='NACOS', propertySources=[NacosPropertySource {name='com.company.finance-dev.yml'}, NacosPropertySource {name='com.company.finance.yml'}, NacosPropertySource {name='common.yml'}]}
2020-06-11 16:30:18.516 [restartedMain] INFO  com.july.CompanyApplication - The following profiles are active: dev
2020-06-11 16:30:19.343 [restartedMain] INFO  o.s.d.r.config.RepositoryConfigurationDelegate - Multiple Spring Data modules found, entering strict repository configuration mode!
2020-06-11 16:30:19.349 [restartedMain] INFO  o.s.d.r.config.RepositoryConfigurationDelegate - Bootstrapping Spring Data repositories in DEFAULT mode.
2020-06-11 16:30:19.392 [restartedMain] INFO  o.s.d.r.config.RepositoryConfigurationDelegate - Finished Spring Data repository scanning in 31ms. Found 0 repository interfaces.
2020-06-11 16:30:19.673 [restartedMain] INFO  o.springframework.cloud.context.scope.GenericScope - BeanFactory id=7af583bf-1a9d-3a45-84d7-1e3e686e38d1
2020-06-11 16:30:19.781 [restartedMain] INFO  o.s.c.s.PostProcessorRegistrationDelegate$BeanPostProcessorChecker - Bean 'org.springframework.transaction.annotation.ProxyTransactionManagementConfiguration' of type [org.springframework.transaction.annotation.ProxyTransactionManagementConfiguration$$EnhancerBySpringCGLIB$$585a5599] is not eligible for getting processed by all BeanPostProcessors (for example: not eligible for auto-proxying)
2020-06-11 16:30:19.892 [restartedMain] INFO  o.s.c.s.PostProcessorRegistrationDelegate$BeanPostProcessorChecker - Bean 'redisConfig' of type [com.july.company.config.RedisConfig$$EnhancerBySpringCGLIB$$2d0d7b69] is not eligible for getting processed by all BeanPostProcessors (for example: not eligible for auto-proxying)
2020-06-11 16:30:19.927 [restartedMain] INFO  o.s.c.s.PostProcessorRegistrationDelegate$BeanPostProcessorChecker - Bean 'org.springframework.cloud.autoconfigure.ConfigurationPropertiesRebinderAutoConfiguration' of type [org.springframework.cloud.autoconfigure.ConfigurationPropertiesRebinderAutoConfiguration$$EnhancerBySpringCGLIB$$74745896] is not eligible for getting processed by all BeanPostProcessors (for example: not eligible for auto-proxying)
2020-06-11 16:30:20.433 [restartedMain] INFO  io.undertow.servlet - Initializing Spring embedded WebApplicationContext
2020-06-11 16:30:20.433 [restartedMain] INFO  org.springframework.web.context.ContextLoader - Root WebApplicationContext: initialization completed in 1901 ms
2020-06-11 16:30:20.441 [restartedMain] INFO  com.july.company.config.CorsConfig - 配置跨域bean
2020-06-11 16:30:20.611 [restartedMain] INFO  com.july.company.intercepts.MybatisPlusConfig - mybatis分页拦截器初始化.
2020-06-11 16:30:20.636 [restartedMain] INFO  c.a.d.s.b.a.DruidDataSourceAutoConfigure - Init DruidDataSource
2020-06-11 16:30:20.748 [restartedMain] INFO  com.alibaba.druid.pool.DruidDataSource - {dataSource-1} inited
2020-06-11 16:30:20.795 [restartedMain] INFO  com.july.company.intercepts.MybatisPlusConfig - mybatis公共字段填充处理器初始化.
2020-06-11 16:30:22.237 [restartedMain] INFO  com.netflix.config.sources.URLConfigurationSource - To enable URLs as dynamic configuration sources, define System property archaius.configurationSource.additionalUrls or make config.properties available on classpath.
2020-06-11 16:30:22.241 [restartedMain] INFO  com.netflix.config.sources.URLConfigurationSource - To enable URLs as dynamic configuration sources, define System property archaius.configurationSource.additionalUrls or make config.properties available on classpath.
2020-06-11 16:30:22.530 [restartedMain] INFO  o.s.scheduling.concurrent.ThreadPoolTaskExecutor - Initializing ExecutorService 'applicationTaskExecutor'
2020-06-11 16:30:22.741 [restartedMain] INFO  com.alibaba.nacos.client.naming - initializer namespace from System Property :null
2020-06-11 16:30:22.743 [restartedMain] INFO  com.alibaba.nacos.client.naming - initializer namespace from System Environment :null
2020-06-11 16:30:22.744 [restartedMain] INFO  com.alibaba.nacos.client.naming - initializer namespace from System Property :null
2020-06-11 16:30:22.773 [restartedMain] INFO  o.s.scheduling.concurrent.ThreadPoolTaskScheduler - Initializing ExecutorService
2020-06-11 16:30:23.168 [restartedMain] INFO  o.s.b.d.autoconfigure.OptionalLiveReloadServer - LiveReload server is running on port 35729
2020-06-11 16:30:23.435 [restartedMain] INFO  org.xnio - XNIO version 3.3.8.Final
2020-06-11 16:30:23.445 [restartedMain] INFO  org.xnio.nio - XNIO NIO Implementation Version 3.3.8.Final
2020-06-11 16:30:23.578 [restartedMain] INFO  o.s.b.w.embedded.undertow.UndertowServletWebServer - Undertow started on port(s) 9001 (http) with context path '/finance'
2020-06-11 16:30:23.626 [restartedMain] INFO  com.alibaba.nacos.client.naming - [BEAT] adding beat: {"cluster":"DEFAULT","ip":"192.168.0.21","metadata":{"preserved.register.source":"SPRING_CLOUD"},"period":5000,"port":9001,"scheduled":false,"serviceName":"DEFAULT_GROUP@@com.company.finance","stopped":false,"weight":1.0} to beat map.
2020-06-11 16:30:23.661 [restartedMain] INFO  com.alibaba.nacos.client.naming - [REGISTER-SERVICE] 44f3ec72-5331-4305-a0c0-5e773ef15f33 registering service DEFAULT_GROUP@@com.company.finance with instance: {"clusterName":"DEFAULT","enabled":true,"ephemeral":true,"healthy":true,"instanceHeartBeatInterval":5000,"instanceHeartBeatTimeOut":15000,"ip":"192.168.0.21","ipDeleteTimeout":30000,"metadata":{"preserved.register.source":"SPRING_CLOUD"},"port":9001,"weight":1.0}
2020-06-11 16:30:23.676 [restartedMain] INFO  c.a.cloud.nacos.registry.NacosServiceRegistry - nacos registry, com.company.finance 192.168.0.21:9001 register finished
2020-06-11 16:30:23.682 [restartedMain] INFO  com.july.CompanyApplication - Started CompanyApplication in 7.357 seconds (JVM running for 8.584)
2020-06-11 16:30:23.683 [restartedMain] INFO  com.july.company.dictionary.BeanDefineConfigue - 字典：START:spring初始化开始======================>
2020-06-11 16:30:24.191 [restartedMain] INFO  com.july.company.dictionary.BeanDefineConfigue - 字典:END:spring初始化完毕======================>
2020-06-11 16:30:24.193 [restartedMain] INFO  com.alibaba.nacos.client.config.impl.ClientWorker - [fixed-192.168.0.21_8848-44f3ec72-5331-4305-a0c0-5e773ef15f33] [subscribe] com.company.finance.yml+DEFAULT_GROUP+44f3ec72-5331-4305-a0c0-5e773ef15f33
2020-06-11 16:30:24.194 [restartedMain] INFO  com.alibaba.nacos.client.config.impl.CacheData - [fixed-192.168.0.21_8848-44f3ec72-5331-4305-a0c0-5e773ef15f33] [add-listener] ok, tenant=44f3ec72-5331-4305-a0c0-5e773ef15f33, dataId=com.company.finance.yml, group=DEFAULT_GROUP, cnt=1
2020-06-11 16:30:24.194 [restartedMain] INFO  com.alibaba.nacos.client.config.impl.ClientWorker - [fixed-192.168.0.21_8848-44f3ec72-5331-4305-a0c0-5e773ef15f33] [subscribe] com.company.finance-dev.yml+DEFAULT_GROUP+44f3ec72-5331-4305-a0c0-5e773ef15f33
2020-06-11 16:30:24.194 [restartedMain] INFO  com.alibaba.nacos.client.config.impl.CacheData - [fixed-192.168.0.21_8848-44f3ec72-5331-4305-a0c0-5e773ef15f33] [add-listener] ok, tenant=44f3ec72-5331-4305-a0c0-5e773ef15f33, dataId=com.company.finance-dev.yml, group=DEFAULT_GROUP, cnt=1
2020-06-11 16:30:36.457 [XNIO-1 task-2] INFO  io.undertow.servlet - Initializing Spring DispatcherServlet 'dispatcherServlet'
2020-06-11 16:30:36.462 [XNIO-1 task-2] INFO  org.springframework.web.servlet.DispatcherServlet - Initializing Servlet 'dispatcherServlet'
2020-06-11 16:30:36.518 [XNIO-1 task-2] INFO  org.springframework.web.servlet.DispatcherServlet - Completed initialization in 53 ms
2020-06-11 16:30:37.484 [XNIO-1 task-3] INFO  com.july.company.intercepts.LoginIntercept - 缓存的userId:2,loginType:1
2020-06-11 16:30:37.484 [XNIO-1 task-4] INFO  com.july.company.intercepts.LoginIntercept - 缓存的userId:2,loginType:1
2020-06-11 16:30:37.667 [XNIO-1 task-3] INFO  io.lettuce.core.EpollProvider - Starting without optional epoll library
2020-06-11 16:30:37.668 [XNIO-1 task-3] INFO  io.lettuce.core.KqueueProvider - Starting without optional kqueue library
2020-06-11 16:30:39.818 [XNIO-1 task-6] INFO  com.july.company.intercepts.LoginIntercept - 缓存的userId:2,loginType:1
2020-06-11 16:30:57.717 [XNIO-1 task-12] INFO  com.july.company.intercepts.LoginIntercept - 缓存的userId:2,loginType:1
2020-06-11 16:39:46.862 [Thread-31] INFO  c.a.cloud.nacos.registry.NacosServiceRegistry - De-registering from Nacos Server now...
2020-06-11 16:39:46.868 [Thread-31] INFO  com.alibaba.nacos.client.naming - [BEAT] removing beat: DEFAULT_GROUP@@com.company.finance:192.168.0.21:9001 from beat map.
2020-06-11 16:39:46.868 [Thread-31] INFO  com.alibaba.nacos.client.naming - [DEREGISTER-SERVICE] 44f3ec72-5331-4305-a0c0-5e773ef15f33 deregistering service DEFAULT_GROUP@@com.company.finance with instance: {"clusterName":"DEFAULT","enabled":true,"ephemeral":true,"healthy":true,"instanceHeartBeatInterval":5000,"instanceHeartBeatTimeOut":15000,"ip":"192.168.0.21","ipDeleteTimeout":30000,"metadata":{},"port":9001,"weight":1.0}
2020-06-11 16:39:46.872 [Thread-31] INFO  c.a.cloud.nacos.registry.NacosServiceRegistry - De-registration finished.
2020-06-11 16:39:46.874 [Thread-31] INFO  o.s.scheduling.concurrent.ThreadPoolTaskExecutor - Shutting down ExecutorService 'applicationTaskExecutor'
2020-06-11 16:39:48.019 [Thread-31] INFO  com.alibaba.druid.pool.DruidDataSource - {dataSource-1} closing ...
2020-06-11 16:39:48.030 [Thread-31] INFO  com.alibaba.druid.pool.DruidDataSource - {dataSource-1} closed
2020-06-11 16:39:48.035 [Thread-31] INFO  io.undertow.servlet - Destroying Spring FrameworkServlet 'dispatcherServlet'
2020-06-11 16:40:01.978 [restartedMain] INFO  o.s.b.d.env.DevToolsPropertyDefaultsPostProcessor - Devtools property defaults active! Set 'spring.devtools.add-properties' to 'false' to disable
2020-06-11 16:40:02.214 [restartedMain] INFO  o.s.c.s.PostProcessorRegistrationDelegate$BeanPostProcessorChecker - Bean 'org.springframework.cloud.autoconfigure.ConfigurationPropertiesRebinderAutoConfiguration' of type [org.springframework.cloud.autoconfigure.ConfigurationPropertiesRebinderAutoConfiguration$$EnhancerBySpringCGLIB$$a616d4f6] is not eligible for getting processed by all BeanPostProcessors (for example: not eligible for auto-proxying)
2020-06-11 16:40:02.468 [restartedMain] INFO  c.a.cloud.nacos.client.NacosPropertySourceBuilder - Loading nacos data, dataId: 'common.yml', group: 'DEFAULT_GROUP'
2020-06-11 16:40:02.484 [restartedMain] INFO  c.a.cloud.nacos.client.NacosPropertySourceBuilder - Loading nacos data, dataId: 'com.company.finance.yml', group: 'DEFAULT_GROUP'
2020-06-11 16:40:02.493 [restartedMain] INFO  o.s.c.b.c.PropertySourceBootstrapConfiguration - Located property source: CompositePropertySource {name='NACOS', propertySources=[NacosPropertySource {name='com.company.finance-dev.yml'}, NacosPropertySource {name='com.company.finance.yml'}, NacosPropertySource {name='common.yml'}]}
2020-06-11 16:40:02.528 [restartedMain] INFO  com.july.CompanyApplication - The following profiles are active: dev
2020-06-11 16:40:03.380 [restartedMain] INFO  o.s.d.r.config.RepositoryConfigurationDelegate - Multiple Spring Data modules found, entering strict repository configuration mode!
2020-06-11 16:40:03.382 [restartedMain] INFO  o.s.d.r.config.RepositoryConfigurationDelegate - Bootstrapping Spring Data repositories in DEFAULT mode.
2020-06-11 16:40:03.423 [restartedMain] INFO  o.s.d.r.config.RepositoryConfigurationDelegate - Finished Spring Data repository scanning in 30ms. Found 0 repository interfaces.
2020-06-11 16:40:03.701 [restartedMain] INFO  o.springframework.cloud.context.scope.GenericScope - BeanFactory id=7af583bf-1a9d-3a45-84d7-1e3e686e38d1
2020-06-11 16:40:03.811 [restartedMain] INFO  o.s.c.s.PostProcessorRegistrationDelegate$BeanPostProcessorChecker - Bean 'org.springframework.transaction.annotation.ProxyTransactionManagementConfiguration' of type [org.springframework.transaction.annotation.ProxyTransactionManagementConfiguration$$EnhancerBySpringCGLIB$$89fcd1f9] is not eligible for getting processed by all BeanPostProcessors (for example: not eligible for auto-proxying)
2020-06-11 16:40:03.916 [restartedMain] INFO  o.s.c.s.PostProcessorRegistrationDelegate$BeanPostProcessorChecker - Bean 'redisConfig' of type [com.july.company.config.RedisConfig$$EnhancerBySpringCGLIB$$5eaff7c9] is not eligible for getting processed by all BeanPostProcessors (for example: not eligible for auto-proxying)
2020-06-11 16:40:03.952 [restartedMain] INFO  o.s.c.s.PostProcessorRegistrationDelegate$BeanPostProcessorChecker - Bean 'org.springframework.cloud.autoconfigure.ConfigurationPropertiesRebinderAutoConfiguration' of type [org.springframework.cloud.autoconfigure.ConfigurationPropertiesRebinderAutoConfiguration$$EnhancerBySpringCGLIB$$a616d4f6] is not eligible for getting processed by all BeanPostProcessors (for example: not eligible for auto-proxying)
2020-06-11 16:40:04.462 [restartedMain] INFO  io.undertow.servlet - Initializing Spring embedded WebApplicationContext
2020-06-11 16:40:04.462 [restartedMain] INFO  org.springframework.web.context.ContextLoader - Root WebApplicationContext: initialization completed in 1918 ms
2020-06-11 16:40:04.470 [restartedMain] INFO  com.july.company.config.CorsConfig - 配置跨域bean
2020-06-11 16:40:04.638 [restartedMain] INFO  com.july.company.intercepts.MybatisPlusConfig - mybatis分页拦截器初始化.
2020-06-11 16:40:04.662 [restartedMain] INFO  c.a.d.s.b.a.DruidDataSourceAutoConfigure - Init DruidDataSource
2020-06-11 16:40:04.776 [restartedMain] INFO  com.alibaba.druid.pool.DruidDataSource - {dataSource-1} inited
2020-06-11 16:40:04.826 [restartedMain] INFO  com.july.company.intercepts.MybatisPlusConfig - mybatis公共字段填充处理器初始化.
2020-06-11 16:40:06.297 [restartedMain] INFO  com.netflix.config.sources.URLConfigurationSource - To enable URLs as dynamic configuration sources, define System property archaius.configurationSource.additionalUrls or make config.properties available on classpath.
2020-06-11 16:40:06.301 [restartedMain] INFO  com.netflix.config.sources.URLConfigurationSource - To enable URLs as dynamic configuration sources, define System property archaius.configurationSource.additionalUrls or make config.properties available on classpath.
2020-06-11 16:40:06.601 [restartedMain] INFO  o.s.scheduling.concurrent.ThreadPoolTaskExecutor - Initializing ExecutorService 'applicationTaskExecutor'
2020-06-11 16:40:06.831 [restartedMain] INFO  com.alibaba.nacos.client.naming - initializer namespace from System Property :null
2020-06-11 16:40:06.832 [restartedMain] INFO  com.alibaba.nacos.client.naming - initializer namespace from System Environment :null
2020-06-11 16:40:06.832 [restartedMain] INFO  com.alibaba.nacos.client.naming - initializer namespace from System Property :null
2020-06-11 16:40:06.859 [restartedMain] INFO  o.s.scheduling.concurrent.ThreadPoolTaskScheduler - Initializing ExecutorService
2020-06-11 16:40:07.269 [restartedMain] INFO  o.s.b.d.autoconfigure.OptionalLiveReloadServer - LiveReload server is running on port 35729
2020-06-11 16:40:07.529 [restartedMain] INFO  org.xnio - XNIO version 3.3.8.Final
2020-06-11 16:40:07.538 [restartedMain] INFO  org.xnio.nio - XNIO NIO Implementation Version 3.3.8.Final
2020-06-11 16:40:07.617 [restartedMain] INFO  o.s.b.w.embedded.undertow.UndertowServletWebServer - Undertow started on port(s) 9001 (http) with context path '/finance'
2020-06-11 16:40:07.622 [restartedMain] INFO  com.alibaba.nacos.client.naming - [BEAT] adding beat: {"cluster":"DEFAULT","ip":"192.168.0.21","metadata":{"preserved.register.source":"SPRING_CLOUD"},"period":5000,"port":9001,"scheduled":false,"serviceName":"DEFAULT_GROUP@@com.company.finance","stopped":false,"weight":1.0} to beat map.
2020-06-11 16:40:07.652 [restartedMain] INFO  com.alibaba.nacos.client.naming - [REGISTER-SERVICE] 44f3ec72-5331-4305-a0c0-5e773ef15f33 registering service DEFAULT_GROUP@@com.company.finance with instance: {"clusterName":"DEFAULT","enabled":true,"ephemeral":true,"healthy":true,"instanceHeartBeatInterval":5000,"instanceHeartBeatTimeOut":15000,"ip":"192.168.0.21","ipDeleteTimeout":30000,"metadata":{"preserved.register.source":"SPRING_CLOUD"},"port":9001,"weight":1.0}
2020-06-11 16:40:07.661 [restartedMain] INFO  c.a.cloud.nacos.registry.NacosServiceRegistry - nacos registry, com.company.finance 192.168.0.21:9001 register finished
2020-06-11 16:40:07.665 [restartedMain] INFO  com.july.CompanyApplication - Started CompanyApplication in 7.241 seconds (JVM running for 8.633)
2020-06-11 16:40:07.667 [restartedMain] INFO  com.july.company.dictionary.BeanDefineConfigue - 字典：START:spring初始化开始======================>
2020-06-11 16:40:08.249 [restartedMain] INFO  com.july.company.dictionary.BeanDefineConfigue - 字典:END:spring初始化完毕======================>
2020-06-11 16:40:08.256 [restartedMain] INFO  com.alibaba.nacos.client.config.impl.ClientWorker - [fixed-192.168.0.21_8848-44f3ec72-5331-4305-a0c0-5e773ef15f33] [subscribe] com.company.finance.yml+DEFAULT_GROUP+44f3ec72-5331-4305-a0c0-5e773ef15f33
2020-06-11 16:40:08.257 [restartedMain] INFO  com.alibaba.nacos.client.config.impl.CacheData - [fixed-192.168.0.21_8848-44f3ec72-5331-4305-a0c0-5e773ef15f33] [add-listener] ok, tenant=44f3ec72-5331-4305-a0c0-5e773ef15f33, dataId=com.company.finance.yml, group=DEFAULT_GROUP, cnt=1
2020-06-11 16:40:08.259 [restartedMain] INFO  com.alibaba.nacos.client.config.impl.ClientWorker - [fixed-192.168.0.21_8848-44f3ec72-5331-4305-a0c0-5e773ef15f33] [subscribe] com.company.finance-dev.yml+DEFAULT_GROUP+44f3ec72-5331-4305-a0c0-5e773ef15f33
2020-06-11 16:40:08.259 [restartedMain] INFO  com.alibaba.nacos.client.config.impl.CacheData - [fixed-192.168.0.21_8848-44f3ec72-5331-4305-a0c0-5e773ef15f33] [add-listener] ok, tenant=44f3ec72-5331-4305-a0c0-5e773ef15f33, dataId=com.company.finance-dev.yml, group=DEFAULT_GROUP, cnt=1
2020-06-11 16:41:17.038 [XNIO-1 task-1] INFO  io.undertow.servlet - Initializing Spring DispatcherServlet 'dispatcherServlet'
2020-06-11 16:41:17.039 [XNIO-1 task-1] INFO  org.springframework.web.servlet.DispatcherServlet - Initializing Servlet 'dispatcherServlet'
2020-06-11 16:41:17.053 [XNIO-1 task-1] INFO  org.springframework.web.servlet.DispatcherServlet - Completed initialization in 14 ms
2020-06-11 16:41:17.708 [XNIO-1 task-2] INFO  com.july.company.utils.JwtUtils - {nbf=1591864877, loginType=1, iss=, iat=1591864877, userId=2, from_service=, token=911E67A5780C4F50A6FC4B8A5C6A3B10}
2020-06-11 16:41:18.030 [XNIO-1 task-2] INFO  io.lettuce.core.EpollProvider - Starting without optional epoll library
2020-06-11 16:41:18.031 [XNIO-1 task-2] INFO  io.lettuce.core.KqueueProvider - Starting without optional kqueue library
2020-06-11 16:41:18.448 [XNIO-1 task-4] INFO  com.july.company.intercepts.LoginIntercept - 缓存的userId:2,loginType:1
2020-06-11 16:41:18.448 [XNIO-1 task-6] INFO  com.july.company.intercepts.LoginIntercept - 缓存的userId:2,loginType:1
2020-06-11 16:41:20.156 [XNIO-1 task-10] INFO  com.july.company.intercepts.LoginIntercept - 缓存的userId:2,loginType:1
2020-06-11 16:41:20.156 [XNIO-1 task-9] INFO  com.july.company.intercepts.LoginIntercept - 缓存的userId:2,loginType:1
2020-06-11 16:41:22.299 [XNIO-1 task-13] INFO  com.july.company.intercepts.LoginIntercept - 缓存的userId:2,loginType:1
2020-06-11 16:41:22.326 [XNIO-1 task-13] INFO  com.july.company.base.AdviceController - BnException:[code=99999, message=请提供产品id进行查询！] at com.july.company.exception.BnException.on(BnException.java:219)
2020-06-11 16:41:52.935 [XNIO-1 task-18] INFO  com.july.company.intercepts.LoginIntercept - 缓存的userId:2,loginType:1
2020-06-11 16:41:52.935 [XNIO-1 task-17] INFO  com.july.company.intercepts.LoginIntercept - 缓存的userId:2,loginType:1
2020-06-11 16:41:55.098 [XNIO-1 task-21] INFO  com.july.company.intercepts.LoginIntercept - 缓存的userId:2,loginType:1
2020-06-11 16:41:55.117 [XNIO-1 task-21] INFO  com.july.company.base.AdviceController - BnException:[code=99999, message=请提供产品id进行查询！] at com.july.company.exception.BnException.on(BnException.java:219)
2020-06-11 16:42:17.782 [XNIO-1 task-26] INFO  com.july.company.intercepts.LoginIntercept - 缓存的userId:2,loginType:1
2020-06-11 16:42:17.804 [XNIO-1 task-26] INFO  com.july.company.base.AdviceController - BnException:[code=99999, message=请提供产品id进行查询！] at com.july.company.exception.BnException.on(BnException.java:219)
2020-06-11 16:43:31.897 [XNIO-1 task-28] INFO  com.july.company.utils.JwtUtils - {nbf=1591865011, loginType=1, iss=, iat=1591865011, userId=2, from_service=, token=2F6FF2EC411F4C3B868DEBA725E743AA}
2020-06-11 16:43:32.037 [XNIO-1 task-30] INFO  com.july.company.intercepts.LoginIntercept - 缓存的userId:2,loginType:1
2020-06-11 16:43:32.046 [XNIO-1 task-32] INFO  com.july.company.intercepts.LoginIntercept - 缓存的userId:2,loginType:1
2020-06-11 16:43:33.846 [XNIO-1 task-35] INFO  com.july.company.intercepts.LoginIntercept - 缓存的userId:2,loginType:1
2020-06-11 16:43:33.847 [XNIO-1 task-36] INFO  com.july.company.intercepts.LoginIntercept - 缓存的userId:2,loginType:1
2020-06-11 16:43:35.121 [XNIO-1 task-39] INFO  com.july.company.intercepts.LoginIntercept - 缓存的userId:2,loginType:1
2020-06-11 16:43:35.136 [XNIO-1 task-39] INFO  com.july.company.base.AdviceController - BnException:[code=99999, message=请提供产品id进行查询！] at com.july.company.exception.BnException.on(BnException.java:219)
2020-06-11 16:43:43.782 [XNIO-1 task-44] INFO  com.july.company.intercepts.LoginIntercept - 缓存的userId:2,loginType:1
2020-06-11 16:43:43.813 [XNIO-1 task-44] INFO  com.july.company.base.AdviceController - BnException:[code=99999, message=请提供产品id进行查询！] at com.july.company.exception.BnException.on(BnException.java:219)
2020-06-11 16:44:38.734 [XNIO-1 task-46] INFO  com.july.company.intercepts.LoginIntercept - 缓存的userId:2,loginType:1
