2020-06-10 09:01:55.380 [restartedMain] WARN  io.undertow.websockets.jsr - UT026010: Buffer pool was not set on WebSocketDeploymentInfo, the default pool will be used
2020-06-10 09:01:58.199 [restartedMain] WARN  com.netflix.config.sources.URLConfigurationSource - No URLs will be polled as dynamic configuration sources.
2020-06-10 09:01:58.204 [restartedMain] WARN  com.netflix.config.sources.URLConfigurationSource - No URLs will be polled as dynamic configuration sources.
2020-06-10 10:08:55.442 [restartedMain] WARN  io.undertow.websockets.jsr - UT026010: Buffer pool was not set on WebSocketDeploymentInfo, the default pool will be used
2020-06-10 10:08:57.698 [restartedMain] WARN  com.netflix.config.sources.URLConfigurationSource - No URLs will be polled as dynamic configuration sources.
2020-06-10 10:08:57.705 [restartedMain] WARN  com.netflix.config.sources.URLConfigurationSource - No URLs will be polled as dynamic configuration sources.
2020-06-10 10:11:27.014 [XNIO-1 task-2] WARN  o.s.w.s.m.m.a.ExceptionHandlerExceptionResolver - Resolved [java.lang.NullPointerException]
2020-06-10 10:47:43.264 [XNIO-1 task-3] WARN  o.s.w.s.m.m.a.ExceptionHandlerExceptionResolver - Resolved [java.lang.NullPointerException]
2020-06-10 10:48:51.351 [XNIO-1 task-4] WARN  o.s.w.s.m.m.a.ExceptionHandlerExceptionResolver - Resolved [BnException:[code=408, message=登录信息不存在]]
2020-06-10 10:49:11.533 [XNIO-1 task-5] WARN  o.s.w.s.m.m.a.ExceptionHandlerExceptionResolver - Resolved [java.lang.NullPointerException]
2020-06-10 10:49:25.944 [XNIO-1 task-6] WARN  o.s.w.s.m.m.a.ExceptionHandlerExceptionResolver - Resolved [java.lang.NullPointerException]
2020-06-10 10:51:34.322 [restartedMain] WARN  io.undertow.websockets.jsr - UT026010: Buffer pool was not set on WebSocketDeploymentInfo, the default pool will be used
2020-06-10 10:51:36.278 [restartedMain] WARN  com.netflix.config.sources.URLConfigurationSource - No URLs will be polled as dynamic configuration sources.
2020-06-10 10:51:36.284 [restartedMain] WARN  com.netflix.config.sources.URLConfigurationSource - No URLs will be polled as dynamic configuration sources.
2020-06-10 11:34:51.395 [restartedMain] WARN  io.undertow.websockets.jsr - UT026010: Buffer pool was not set on WebSocketDeploymentInfo, the default pool will be used
2020-06-10 11:34:53.377 [restartedMain] WARN  com.netflix.config.sources.URLConfigurationSource - No URLs will be polled as dynamic configuration sources.
2020-06-10 11:34:53.383 [restartedMain] WARN  com.netflix.config.sources.URLConfigurationSource - No URLs will be polled as dynamic configuration sources.
2020-06-10 11:36:11.239 [restartedMain] WARN  io.undertow.websockets.jsr - UT026010: Buffer pool was not set on WebSocketDeploymentInfo, the default pool will be used
2020-06-10 11:36:12.940 [restartedMain] WARN  com.netflix.config.sources.URLConfigurationSource - No URLs will be polled as dynamic configuration sources.
2020-06-10 11:36:12.944 [restartedMain] WARN  com.netflix.config.sources.URLConfigurationSource - No URLs will be polled as dynamic configuration sources.
2020-06-10 11:36:53.233 [XNIO-1 task-8] WARN  o.s.w.s.m.m.a.ExceptionHandlerExceptionResolver - Resolved [BnException:[code=99999, message=value 值不存在:null]]
2020-06-10 11:37:05.077 [XNIO-1 task-10] WARN  o.s.w.s.m.m.a.ExceptionHandlerExceptionResolver - Resolved [BnException:[code=99999, message=value 值不存在:null]]
2020-06-10 11:38:45.132 [XNIO-1 task-18] WARN  o.s.w.s.m.m.a.ExceptionHandlerExceptionResolver - Resolved [org.mybatis.spring.MyBatisSystemException: nested exception is org.apache.ibatis.builder.BuilderException: Error evaluating expression 'param != null and param.title != null and param.title != '''. Cause: org.apache.ibatis.ognl.NoSuchPropertyException: com.july.company.dto.finance.ListConditionDto.title]
2020-06-10 11:39:18.422 [XNIO-1 task-26] WARN  o.s.w.s.m.m.a.ExceptionHandlerExceptionResolver - Resolved [org.mybatis.spring.MyBatisSystemException: nested exception is org.apache.ibatis.builder.BuilderException: Error evaluating expression 'param != null and param.title != null and param.title != '''. Cause: org.apache.ibatis.ognl.NoSuchPropertyException: com.july.company.dto.finance.ListConditionDto.title]
2020-06-10 11:43:47.740 [XNIO-1 task-40] WARN  o.s.w.s.m.m.a.ExceptionHandlerExceptionResolver - Resolved [org.mybatis.spring.MyBatisSystemException: nested exception is org.apache.ibatis.builder.BuilderException: Error evaluating expression 'param != null and param.title != null and param.title != '''. Cause: org.apache.ibatis.ognl.NoSuchPropertyException: com.july.company.dto.finance.ListConditionDto.title]
2020-06-10 11:50:10.471 [restartedMain] WARN  io.undertow.websockets.jsr - UT026010: Buffer pool was not set on WebSocketDeploymentInfo, the default pool will be used
2020-06-10 11:50:13.573 [restartedMain] WARN  com.netflix.config.sources.URLConfigurationSource - No URLs will be polled as dynamic configuration sources.
2020-06-10 11:50:13.577 [restartedMain] WARN  com.netflix.config.sources.URLConfigurationSource - No URLs will be polled as dynamic configuration sources.
2020-06-10 11:59:29.170 [restartedMain] WARN  io.undertow.websockets.jsr - UT026010: Buffer pool was not set on WebSocketDeploymentInfo, the default pool will be used
2020-06-10 11:59:31.040 [restartedMain] WARN  com.netflix.config.sources.URLConfigurationSource - No URLs will be polled as dynamic configuration sources.
2020-06-10 11:59:31.046 [restartedMain] WARN  com.netflix.config.sources.URLConfigurationSource - No URLs will be polled as dynamic configuration sources.
2020-06-10 13:11:45.335 [restartedMain] WARN  io.undertow.websockets.jsr - UT026010: Buffer pool was not set on WebSocketDeploymentInfo, the default pool will be used
2020-06-10 13:11:47.797 [restartedMain] WARN  com.netflix.config.sources.URLConfigurationSource - No URLs will be polled as dynamic configuration sources.
2020-06-10 13:11:47.803 [restartedMain] WARN  com.netflix.config.sources.URLConfigurationSource - No URLs will be polled as dynamic configuration sources.
2020-06-10 14:18:38.888 [restartedMain] WARN  io.undertow.websockets.jsr - UT026010: Buffer pool was not set on WebSocketDeploymentInfo, the default pool will be used
2020-06-10 14:18:41.420 [restartedMain] WARN  com.netflix.config.sources.URLConfigurationSource - No URLs will be polled as dynamic configuration sources.
2020-06-10 14:18:41.426 [restartedMain] WARN  com.netflix.config.sources.URLConfigurationSource - No URLs will be polled as dynamic configuration sources.
