2020-06-17 11:01:49.155 [XNIO-1 task-61] ERROR com.july.company.base.AdviceController - org.springframework.dao.DataIntegrityViolationException: ### Error updating database.  Cause: com.mysql.cj.jdbc.exceptions.MysqlDataTruncation: Data truncation: Data too long for column 'patentCount' at row 1
2020-06-17 11:11:09.289 [XNIO-1 task-23] ERROR com.july.company.base.AdviceController - com.alibaba.fastjson.JSONException: syntax error, expect {, actual [, pos 0, fastjson-version 1.2.60 at com.alibaba.fastjson.parser.deserializer.JavaBeanDeserializer.deserialze(JavaBeanDeserializer.java:489)
2020-06-17 11:19:35.172 [XNIO-1 task-19] ERROR com.july.company.base.AdviceController - com.alibaba.fastjson.JSONException: syntax error, expect {, actual [, pos 0, fastjson-version 1.2.60 at com.alibaba.fastjson.parser.deserializer.JavaBeanDeserializer.deserialze(JavaBeanDeserializer.java:489)
2020-06-17 11:20:08.785 [XNIO-1 task-20] ERROR com.july.company.base.AdviceController - com.alibaba.fastjson.JSONException: syntax error, expect {, actual [, pos 0, fastjson-version 1.2.60 at com.alibaba.fastjson.parser.deserializer.JavaBeanDeserializer.deserialze(JavaBeanDeserializer.java:489)
2020-06-17 11:20:19.001 [XNIO-1 task-21] ERROR com.july.company.base.AdviceController - com.alibaba.fastjson.JSONException: syntax error, expect {, actual [, pos 0, fastjson-version 1.2.60 at com.alibaba.fastjson.parser.deserializer.JavaBeanDeserializer.deserialze(JavaBeanDeserializer.java:489)
2020-06-17 11:20:42.816 [XNIO-1 task-22] ERROR com.july.company.base.AdviceController - com.alibaba.fastjson.JSONException: syntax error, expect {, actual [, pos 0, fastjson-version 1.2.60 at com.alibaba.fastjson.parser.deserializer.JavaBeanDeserializer.deserialze(JavaBeanDeserializer.java:489)
2020-06-17 11:22:54.290 [XNIO-1 task-23] ERROR com.july.company.base.AdviceController - com.alibaba.fastjson.JSONException: syntax error, expect {, actual [, pos 0, fastjson-version 1.2.60 at com.alibaba.fastjson.parser.deserializer.JavaBeanDeserializer.deserialze(JavaBeanDeserializer.java:489)
2020-06-17 11:55:54.923 [XNIO-1 task-35] ERROR com.july.company.base.AdviceController - java.lang.NullPointerException at com.july.company.service.impl.FinanceApplyServiceImpl.lambda$getCompanyApplyProductVo$1(FinanceApplyServiceImpl.java:348)
2020-06-17 12:01:05.147 [XNIO-1 task-17] ERROR com.july.company.base.AdviceController - org.springframework.dao.DataIntegrityViolationException: ### Error updating database.  Cause: com.mysql.cj.jdbc.exceptions.MysqlDataTruncation: Data truncation: Data too long for column 'patentCount' at row 1
2020-06-17 12:01:13.006 [XNIO-1 task-19] ERROR com.july.company.base.AdviceController - org.springframework.dao.DataIntegrityViolationException: ### Error updating database.  Cause: com.mysql.cj.jdbc.exceptions.MysqlDataTruncation: Data truncation: Data too long for column 'patentCount' at row 1
2020-06-17 12:02:00.691 [XNIO-1 task-27] ERROR com.july.company.base.AdviceController - com.alibaba.fastjson.JSONException: expect '[', but int, pos 1, line 1, column 20 at com.alibaba.fastjson.parser.DefaultJSONParser.parseArray(DefaultJSONParser.java:725)
2020-06-17 12:04:58.205 [XNIO-1 task-7] ERROR com.july.company.base.AdviceController - java.lang.NullPointerException at com.july.company.service.impl.FinanceBondDetailServiceImpl.getListColunmNode(FinanceBondDetailServiceImpl.java:161)
2020-06-17 12:18:31.812 [XNIO-1 task-34] ERROR com.july.company.base.AdviceController - java.lang.NullPointerException at com.july.company.service.impl.FinanceStockDetailServiceImpl.getFinanceStockProductDetail(FinanceStockDetailServiceImpl.java:59)
2020-06-17 12:21:15.810 [XNIO-1 task-14] ERROR com.july.company.base.AdviceController - java.lang.NullPointerException at com.july.company.service.impl.FinanceBondDetailServiceImpl.getListColunmNode(FinanceBondDetailServiceImpl.java:161)
2020-06-17 12:27:25.358 [XNIO-1 task-27] ERROR com.july.company.base.AdviceController - java.lang.NullPointerException at com.july.company.service.impl.FinanceBondDetailServiceImpl.getListColunmNode(FinanceBondDetailServiceImpl.java:161)
2020-06-17 12:30:41.494 [XNIO-1 task-14] ERROR com.july.company.base.AdviceController - java.lang.NullPointerException at com.july.company.service.impl.FinanceBondDetailServiceImpl.getListColunmNode(FinanceBondDetailServiceImpl.java:162)
2020-06-17 12:34:29.219 [XNIO-1 task-14] ERROR com.july.company.base.AdviceController - com.alibaba.fastjson.JSONException: expect '[', but int, pos 1, line 1, column 20 at com.alibaba.fastjson.parser.DefaultJSONParser.parseArray(DefaultJSONParser.java:725)
2020-06-17 12:36:00.850 [XNIO-1 task-16] ERROR com.july.company.base.AdviceController - com.alibaba.fastjson.JSONException: expect '[', but int, pos 1, line 1, column 20 at com.alibaba.fastjson.parser.DefaultJSONParser.parseArray(DefaultJSONParser.java:725)
2020-06-17 12:36:05.895 [XNIO-1 task-18] ERROR com.july.company.base.AdviceController - com.alibaba.fastjson.JSONException: expect '[', but int, pos 1, line 1, column 20 at com.alibaba.fastjson.parser.DefaultJSONParser.parseArray(DefaultJSONParser.java:725)
2020-06-17 12:36:52.011 [XNIO-1 task-2] ERROR com.july.company.base.AdviceController - com.alibaba.fastjson.JSONException: expect '[', but int, pos 1, line 1, column 20 at com.alibaba.fastjson.parser.DefaultJSONParser.parseArray(DefaultJSONParser.java:725)
2020-06-17 12:39:55.852 [XNIO-1 task-2] ERROR com.july.company.base.AdviceController - com.alibaba.fastjson.JSONException: expect '[', but int, pos 10, line 1, column 111592367044 at com.alibaba.fastjson.parser.DefaultJSONParser.parseArray(DefaultJSONParser.java:725)
2020-06-17 12:41:59.023 [XNIO-1 task-16] ERROR com.july.company.base.AdviceController - com.alibaba.fastjson.JSONException: expect '[', but int, pos 10, line 1, column 111592368916 at com.alibaba.fastjson.parser.DefaultJSONParser.parseArray(DefaultJSONParser.java:725)
2020-06-17 12:45:25.148 [XNIO-1 task-15] ERROR com.july.company.base.AdviceController - com.alibaba.fastjson.JSONException: expect '[', but int, pos 1, line 1, column 20 at com.alibaba.fastjson.parser.DefaultJSONParser.parseArray(DefaultJSONParser.java:725)
2020-06-17 12:52:23.922 [XNIO-1 task-13] ERROR com.july.company.base.AdviceController - com.alibaba.fastjson.JSONException: expect '[', but int, pos 1, line 1, column 20 at com.alibaba.fastjson.parser.DefaultJSONParser.parseArray(DefaultJSONParser.java:725)
2020-06-17 12:52:49.802 [XNIO-1 task-28] ERROR com.july.company.base.AdviceController - com.alibaba.fastjson.JSONException: expect '[', but int, pos 1, line 1, column 20 at com.alibaba.fastjson.parser.DefaultJSONParser.parseArray(DefaultJSONParser.java:725)
2020-06-17 12:57:42.389 [XNIO-1 task-10] ERROR com.july.company.base.AdviceController - com.alibaba.fastjson.JSONException: expect '[', but int, pos 1, line 1, column 20 at com.alibaba.fastjson.parser.DefaultJSONParser.parseArray(DefaultJSONParser.java:725)
2020-06-17 13:04:17.775 [XNIO-1 task-8] ERROR com.july.company.base.AdviceController - com.alibaba.fastjson.JSONException: expect '[', but int, pos 1, line 1, column 20 at com.alibaba.fastjson.parser.DefaultJSONParser.parseArray(DefaultJSONParser.java:725)
2020-06-17 13:05:45.925 [XNIO-1 task-22] ERROR com.july.company.base.AdviceController - com.alibaba.fastjson.JSONException: expect '[', but int, pos 1, line 1, column 20 at com.alibaba.fastjson.parser.DefaultJSONParser.parseArray(DefaultJSONParser.java:725)
2020-06-17 13:07:08.559 [XNIO-1 task-10] ERROR com.july.company.base.AdviceController - org.springframework.jdbc.UncategorizedSQLException: Error attempting to get column 'loanQuota' from result set.  Cause: java.sql.SQLException: Error ; uncategorized SQLException; SQL state [null]; error code [0]; Error; nested exception is java.sql.SQLException: Error at org.springframework.jdbc.support.AbstractFallbackSQLExceptionTranslator.translate(AbstractFallbackSQLExceptionTranslator.java:89)
Caused by: java.sql.SQLException: Error at com.alibaba.druid.pool.DruidDataSource.handleConnectionException(DruidDataSource.java:1758)
Caused by: java.lang.NumberFormatException: For input string: "[{"code":2,"value":""},{"code":3,"value":""}]" at sun.misc.FloatingDecimal.readJavaFormatString(FloatingDecimal.java:2043)
2020-06-17 13:07:10.449 [XNIO-1 task-12] ERROR com.july.company.base.AdviceController - org.springframework.jdbc.UncategorizedSQLException: Error attempting to get column 'loanQuota' from result set.  Cause: java.sql.SQLException: Error ; uncategorized SQLException; SQL state [null]; error code [0]; Error; nested exception is java.sql.SQLException: Error at org.springframework.jdbc.support.AbstractFallbackSQLExceptionTranslator.translate(AbstractFallbackSQLExceptionTranslator.java:89)
Caused by: java.sql.SQLException: Error at com.alibaba.druid.pool.DruidDataSource.handleConnectionException(DruidDataSource.java:1758)
Caused by: java.lang.NumberFormatException: For input string: "[{"code":2,"value":""},{"code":3,"value":""}]" at sun.misc.FloatingDecimal.readJavaFormatString(FloatingDecimal.java:2043)
2020-06-17 13:07:17.732 [XNIO-1 task-13] ERROR com.july.company.base.AdviceController - org.springframework.jdbc.UncategorizedSQLException: Error attempting to get column 'loanQuota' from result set.  Cause: java.sql.SQLException: Error ; uncategorized SQLException; SQL state [null]; error code [0]; Error; nested exception is java.sql.SQLException: Error at org.springframework.jdbc.support.AbstractFallbackSQLExceptionTranslator.translate(AbstractFallbackSQLExceptionTranslator.java:89)
Caused by: java.sql.SQLException: Error at com.alibaba.druid.pool.DruidDataSource.handleConnectionException(DruidDataSource.java:1758)
Caused by: java.lang.NumberFormatException: For input string: "[{"code":2,"value":""},{"code":3,"value":""}]" at sun.misc.FloatingDecimal.readJavaFormatString(FloatingDecimal.java:2043)
2020-06-17 13:07:29.505 [XNIO-1 task-15] ERROR com.july.company.base.AdviceController - com.alibaba.fastjson.JSONException: expect '[', but int, pos 1, line 1, column 20 at com.alibaba.fastjson.parser.DefaultJSONParser.parseArray(DefaultJSONParser.java:725)
2020-06-17 13:10:43.469 [XNIO-1 task-11] ERROR com.july.company.base.AdviceController - org.springframework.jdbc.UncategorizedSQLException: Error attempting to get column 'loanQuota' from result set.  Cause: java.sql.SQLException: Error ; uncategorized SQLException; SQL state [null]; error code [0]; Error; nested exception is java.sql.SQLException: Error at org.springframework.jdbc.support.AbstractFallbackSQLExceptionTranslator.translate(AbstractFallbackSQLExceptionTranslator.java:89)
Caused by: java.sql.SQLException: Error at com.alibaba.druid.pool.DruidDataSource.handleConnectionException(DruidDataSource.java:1758)
Caused by: java.lang.NumberFormatException: For input string: "[{"code":2,"value":""},{"code":3,"value":""}]" at sun.misc.FloatingDecimal.readJavaFormatString(FloatingDecimal.java:2043)
2020-06-17 13:11:06.953 [XNIO-1 task-15] ERROR com.july.company.base.AdviceController - com.alibaba.fastjson.JSONException: expect '[', but int, pos 1, line 1, column 21 at com.alibaba.fastjson.parser.DefaultJSONParser.parseArray(DefaultJSONParser.java:725)
2020-06-17 13:11:20.271 [XNIO-1 task-17] ERROR com.july.company.base.AdviceController - com.alibaba.fastjson.JSONException: expect '[', but int, pos 1, line 1, column 21 at com.alibaba.fastjson.parser.DefaultJSONParser.parseArray(DefaultJSONParser.java:725)
2020-06-17 13:12:39.234 [XNIO-1 task-10] ERROR com.july.company.base.AdviceController - com.alibaba.fastjson.JSONException: expect '[', but int, pos 1, line 1, column 20 at com.alibaba.fastjson.parser.DefaultJSONParser.parseArray(DefaultJSONParser.java:725)
2020-06-17 13:14:09.096 [XNIO-1 task-9] ERROR com.july.company.base.AdviceController - org.springframework.jdbc.UncategorizedSQLException: Error attempting to get column 'loanQuota' from result set.  Cause: java.sql.SQLException: Error ; uncategorized SQLException; SQL state [null]; error code [0]; Error; nested exception is java.sql.SQLException: Error at org.springframework.jdbc.support.AbstractFallbackSQLExceptionTranslator.translate(AbstractFallbackSQLExceptionTranslator.java:89)
Caused by: java.sql.SQLException: Error at com.alibaba.druid.pool.DruidDataSource.handleConnectionException(DruidDataSource.java:1758)
Caused by: java.lang.NumberFormatException: For input string: "[{"code":2,"value":""},{"code":3,"value":""}]" at sun.misc.FloatingDecimal.readJavaFormatString(FloatingDecimal.java:2043)
2020-06-17 13:14:17.945 [XNIO-1 task-12] ERROR com.july.company.base.AdviceController - org.springframework.jdbc.UncategorizedSQLException: Error attempting to get column 'loanQuota' from result set.  Cause: java.sql.SQLException: Error ; uncategorized SQLException; SQL state [null]; error code [0]; Error; nested exception is java.sql.SQLException: Error at org.springframework.jdbc.support.AbstractFallbackSQLExceptionTranslator.translate(AbstractFallbackSQLExceptionTranslator.java:89)
Caused by: java.sql.SQLException: Error at com.alibaba.druid.pool.DruidDataSource.handleConnectionException(DruidDataSource.java:1758)
Caused by: java.lang.NumberFormatException: For input string: "[{"code":2,"value":""},{"code":3,"value":""}]" at sun.misc.FloatingDecimal.readJavaFormatString(FloatingDecimal.java:2043)
2020-06-17 13:14:31.947 [XNIO-1 task-17] ERROR com.july.company.base.AdviceController - org.springframework.jdbc.UncategorizedSQLException: Error attempting to get column 'loanQuota' from result set.  Cause: java.sql.SQLException: Error ; uncategorized SQLException; SQL state [null]; error code [0]; Error; nested exception is java.sql.SQLException: Error at org.springframework.jdbc.support.AbstractFallbackSQLExceptionTranslator.translate(AbstractFallbackSQLExceptionTranslator.java:89)
Caused by: java.sql.SQLException: Error at com.alibaba.druid.pool.DruidDataSource.handleConnectionException(DruidDataSource.java:1758)
Caused by: java.lang.NumberFormatException: For input string: "[{"code":2,"value":""},{"code":3,"value":""}]" at sun.misc.FloatingDecimal.readJavaFormatString(FloatingDecimal.java:2043)
2020-06-17 13:15:01.439 [XNIO-1 task-18] ERROR com.july.company.base.AdviceController - org.springframework.jdbc.UncategorizedSQLException: Error attempting to get column 'loanQuota' from result set.  Cause: java.sql.SQLException: Error ; uncategorized SQLException; SQL state [null]; error code [0]; Error; nested exception is java.sql.SQLException: Error at org.springframework.jdbc.support.AbstractFallbackSQLExceptionTranslator.translate(AbstractFallbackSQLExceptionTranslator.java:89)
Caused by: java.sql.SQLException: Error at com.alibaba.druid.pool.DruidDataSource.handleConnectionException(DruidDataSource.java:1758)
Caused by: java.lang.NumberFormatException: For input string: "[{"code":2,"value":""},{"code":3,"value":""}]" at sun.misc.FloatingDecimal.readJavaFormatString(FloatingDecimal.java:2043)
2020-06-17 13:15:01.779 [XNIO-1 task-19] ERROR com.july.company.base.AdviceController - org.springframework.jdbc.UncategorizedSQLException: Error attempting to get column 'loanQuota' from result set.  Cause: java.sql.SQLException: Error ; uncategorized SQLException; SQL state [null]; error code [0]; Error; nested exception is java.sql.SQLException: Error at org.springframework.jdbc.support.AbstractFallbackSQLExceptionTranslator.translate(AbstractFallbackSQLExceptionTranslator.java:89)
Caused by: java.sql.SQLException: Error at com.alibaba.druid.pool.DruidDataSource.handleConnectionException(DruidDataSource.java:1758)
Caused by: java.lang.NumberFormatException: For input string: "[{"code":2,"value":""},{"code":3,"value":""}]" at sun.misc.FloatingDecimal.readJavaFormatString(FloatingDecimal.java:2043)
2020-06-17 13:18:37.321 [XNIO-1 task-10] ERROR com.july.company.base.AdviceController - java.lang.NullPointerException at com.july.company.service.impl.FinanceStockDetailServiceImpl.getFinanceStockProductDetail(FinanceStockDetailServiceImpl.java:59)
2020-06-17 13:18:52.540 [XNIO-1 task-13] ERROR com.july.company.base.AdviceController - java.lang.NullPointerException at com.july.company.service.impl.FinanceStockDetailServiceImpl.getFinanceStockProductDetail(FinanceStockDetailServiceImpl.java:59)
2020-06-17 13:21:30.255 [XNIO-1 task-36] ERROR com.july.company.base.AdviceController - com.alibaba.fastjson.JSONException: syntax error, expect {, actual [, pos 0, fastjson-version 1.2.60 at com.alibaba.fastjson.parser.deserializer.JavaBeanDeserializer.deserialze(JavaBeanDeserializer.java:489)
2020-06-17 13:21:45.350 [XNIO-1 task-40] ERROR com.july.company.base.AdviceController - com.alibaba.fastjson.JSONException: syntax error, expect {, actual [, pos 0, fastjson-version 1.2.60 at com.alibaba.fastjson.parser.deserializer.JavaBeanDeserializer.deserialze(JavaBeanDeserializer.java:489)
2020-06-17 13:22:48.159 [XNIO-1 task-2] ERROR com.july.company.base.AdviceController - com.alibaba.fastjson.JSONException: syntax error, expect {, actual [, pos 0, fastjson-version 1.2.60 at com.alibaba.fastjson.parser.deserializer.JavaBeanDeserializer.deserialze(JavaBeanDeserializer.java:489)
2020-06-17 13:34:48.854 [XNIO-1 task-35] ERROR com.july.company.base.AdviceController - java.lang.NullPointerException at com.july.company.service.impl.FinanceStockDetailServiceImpl.getFinanceStockProductDetail(FinanceStockDetailServiceImpl.java:59)
2020-06-17 13:36:20.002 [XNIO-1 task-41] ERROR com.july.company.base.AdviceController - java.lang.NullPointerException at com.july.company.service.impl.FinanceStockDetailServiceImpl.getFinanceStockProductDetail(FinanceStockDetailServiceImpl.java:59)
2020-06-17 13:36:40.523 [XNIO-1 task-44] ERROR com.july.company.base.AdviceController - java.lang.NullPointerException at com.july.company.service.impl.FinanceStockDetailServiceImpl.getFinanceStockProductDetail(FinanceStockDetailServiceImpl.java:59)
2020-06-17 13:37:56.131 [XNIO-1 task-52] ERROR com.july.company.base.AdviceController - java.lang.NullPointerException at com.july.company.service.impl.FinanceStockDetailServiceImpl.getFinanceStockProductDetail(FinanceStockDetailServiceImpl.java:59)
2020-06-17 13:38:03.622 [XNIO-1 task-55] ERROR com.july.company.base.AdviceController - java.lang.NullPointerException at com.july.company.service.impl.FinanceStockDetailServiceImpl.getFinanceStockProductDetail(FinanceStockDetailServiceImpl.java:59)
2020-06-17 13:39:07.848 [XNIO-1 task-46] ERROR com.july.company.base.AdviceController - java.lang.NullPointerException at com.july.company.service.impl.FinanceStockDetailServiceImpl.getFinanceStockProductDetail(FinanceStockDetailServiceImpl.java:59)
