2020-06-14 08:52:28.162 [restartedMain] INFO  o.s.b.d.env.DevToolsPropertyDefaultsPostProcessor - Devtools property defaults active! Set 'spring.devtools.add-properties' to 'false' to disable
2020-06-14 08:52:28.848 [restartedMain] INFO  o.s.c.s.PostProcessorRegistrationDelegate$BeanPostProcessorChecker - Bean 'org.springframework.cloud.autoconfigure.ConfigurationPropertiesRebinderAutoConfiguration' of type [org.springframework.cloud.autoconfigure.ConfigurationPropertiesRebinderAutoConfiguration$$EnhancerBySpringCGLIB$$611e2662] is not eligible for getting processed by all BeanPostProcessors (for example: not eligible for auto-proxying)
2020-06-14 08:52:29.317 [restartedMain] INFO  c.a.cloud.nacos.client.NacosPropertySourceBuilder - Loading nacos data, dataId: 'common.yml', group: 'DEFAULT_GROUP'
2020-06-14 08:52:29.351 [restartedMain] INFO  c.a.cloud.nacos.client.NacosPropertySourceBuilder - Loading nacos data, dataId: 'com.company.finance.yml', group: 'DEFAULT_GROUP'
2020-06-14 08:52:29.368 [restartedMain] INFO  o.s.c.b.c.PropertySourceBootstrapConfiguration - Located property source: CompositePropertySource {name='NACOS', propertySources=[NacosPropertySource {name='com.company.finance-dev.yml'}, NacosPropertySource {name='com.company.finance.yml'}, NacosPropertySource {name='common.yml'}]}
2020-06-14 08:52:29.403 [restartedMain] INFO  com.july.CompanyApplication - The following profiles are active: dev
2020-06-14 08:52:30.690 [restartedMain] INFO  o.s.d.r.config.RepositoryConfigurationDelegate - Multiple Spring Data modules found, entering strict repository configuration mode!
2020-06-14 08:52:30.694 [restartedMain] INFO  o.s.d.r.config.RepositoryConfigurationDelegate - Bootstrapping Spring Data repositories in DEFAULT mode.
2020-06-14 08:52:30.752 [restartedMain] INFO  o.s.d.r.config.RepositoryConfigurationDelegate - Finished Spring Data repository scanning in 35ms. Found 0 repository interfaces.
2020-06-14 08:52:31.032 [restartedMain] INFO  o.springframework.cloud.context.scope.GenericScope - BeanFactory id=7af583bf-1a9d-3a45-84d7-1e3e686e38d1
2020-06-14 08:52:31.145 [restartedMain] INFO  o.s.c.s.PostProcessorRegistrationDelegate$BeanPostProcessorChecker - Bean 'org.springframework.transaction.annotation.ProxyTransactionManagementConfiguration' of type [org.springframework.transaction.annotation.ProxyTransactionManagementConfiguration$$EnhancerBySpringCGLIB$$45042365] is not eligible for getting processed by all BeanPostProcessors (for example: not eligible for auto-proxying)
2020-06-14 08:52:31.286 [restartedMain] INFO  o.s.c.s.PostProcessorRegistrationDelegate$BeanPostProcessorChecker - Bean 'redisConfig' of type [com.july.company.config.RedisConfig$$EnhancerBySpringCGLIB$$19b74935] is not eligible for getting processed by all BeanPostProcessors (for example: not eligible for auto-proxying)
2020-06-14 08:52:31.320 [restartedMain] INFO  o.s.c.s.PostProcessorRegistrationDelegate$BeanPostProcessorChecker - Bean 'org.springframework.cloud.autoconfigure.ConfigurationPropertiesRebinderAutoConfiguration' of type [org.springframework.cloud.autoconfigure.ConfigurationPropertiesRebinderAutoConfiguration$$EnhancerBySpringCGLIB$$611e2662] is not eligible for getting processed by all BeanPostProcessors (for example: not eligible for auto-proxying)
2020-06-14 08:52:31.864 [restartedMain] INFO  io.undertow.servlet - Initializing Spring embedded WebApplicationContext
2020-06-14 08:52:31.864 [restartedMain] INFO  org.springframework.web.context.ContextLoader - Root WebApplicationContext: initialization completed in 2443 ms
2020-06-14 08:52:31.873 [restartedMain] INFO  com.july.company.config.CorsConfig - 配置跨域bean
2020-06-14 08:52:32.110 [restartedMain] INFO  com.july.company.intercepts.MybatisPlusConfig - mybatis分页拦截器初始化.
2020-06-14 08:52:32.128 [restartedMain] INFO  c.a.d.s.b.a.DruidDataSourceAutoConfigure - Init DruidDataSource
2020-06-14 08:52:32.238 [restartedMain] INFO  com.alibaba.druid.pool.DruidDataSource - {dataSource-1} inited
2020-06-14 08:52:32.283 [restartedMain] INFO  com.july.company.intercepts.MybatisPlusConfig - mybatis公共字段填充处理器初始化.
2020-06-14 08:52:34.137 [restartedMain] INFO  com.netflix.config.sources.URLConfigurationSource - To enable URLs as dynamic configuration sources, define System property archaius.configurationSource.additionalUrls or make config.properties available on classpath.
2020-06-14 08:52:34.143 [restartedMain] INFO  com.netflix.config.sources.URLConfigurationSource - To enable URLs as dynamic configuration sources, define System property archaius.configurationSource.additionalUrls or make config.properties available on classpath.
2020-06-14 08:52:34.456 [restartedMain] INFO  o.s.scheduling.concurrent.ThreadPoolTaskExecutor - Initializing ExecutorService 'applicationTaskExecutor'
2020-06-14 08:52:34.695 [restartedMain] INFO  com.alibaba.nacos.client.naming - initializer namespace from System Property :null
2020-06-14 08:52:34.696 [restartedMain] INFO  com.alibaba.nacos.client.naming - initializer namespace from System Environment :null
2020-06-14 08:52:34.697 [restartedMain] INFO  com.alibaba.nacos.client.naming - initializer namespace from System Property :null
2020-06-14 08:52:34.726 [restartedMain] INFO  o.s.scheduling.concurrent.ThreadPoolTaskScheduler - Initializing ExecutorService
2020-06-14 08:52:35.231 [restartedMain] INFO  o.s.b.d.autoconfigure.OptionalLiveReloadServer - LiveReload server is running on port 35729
2020-06-14 08:52:35.430 [restartedMain] INFO  org.xnio - XNIO version 3.3.8.Final
2020-06-14 08:52:35.449 [restartedMain] INFO  org.xnio.nio - XNIO NIO Implementation Version 3.3.8.Final
2020-06-14 08:52:35.548 [restartedMain] INFO  o.s.b.w.embedded.undertow.UndertowServletWebServer - Undertow started on port(s) 9001 (http) with context path '/finance'
2020-06-14 08:52:35.555 [restartedMain] INFO  com.alibaba.nacos.client.naming - [BEAT] adding beat: {"cluster":"DEFAULT","ip":"192.168.1.10","metadata":{"preserved.register.source":"SPRING_CLOUD"},"period":5000,"port":9001,"scheduled":false,"serviceName":"DEFAULT_GROUP@@com.company.finance","stopped":false,"weight":1.0} to beat map.
2020-06-14 08:52:35.587 [restartedMain] INFO  com.alibaba.nacos.client.naming - [REGISTER-SERVICE] 44f3ec72-5331-4305-a0c0-5e773ef15f33 registering service DEFAULT_GROUP@@com.company.finance with instance: {"clusterName":"DEFAULT","enabled":true,"ephemeral":true,"healthy":true,"instanceHeartBeatInterval":5000,"instanceHeartBeatTimeOut":15000,"ip":"192.168.1.10","ipDeleteTimeout":30000,"metadata":{"preserved.register.source":"SPRING_CLOUD"},"port":9001,"weight":1.0}
2020-06-14 08:52:35.660 [restartedMain] INFO  c.a.cloud.nacos.registry.NacosServiceRegistry - nacos registry, com.company.finance 192.168.1.10:9001 register finished
2020-06-14 08:52:35.668 [restartedMain] INFO  com.july.CompanyApplication - Started CompanyApplication in 8.482 seconds (JVM running for 11.633)
2020-06-14 08:52:35.672 [restartedMain] INFO  com.july.company.dictionary.BeanDefineConfigue - 字典：START:spring初始化开始======================>
2020-06-14 08:52:36.246 [restartedMain] INFO  com.july.company.dictionary.BeanDefineConfigue - 字典:END:spring初始化完毕======================>
2020-06-14 08:52:36.249 [restartedMain] INFO  com.alibaba.nacos.client.config.impl.ClientWorker - [fixed-127.0.0.1_8848-44f3ec72-5331-4305-a0c0-5e773ef15f33] [subscribe] com.company.finance.yml+DEFAULT_GROUP+44f3ec72-5331-4305-a0c0-5e773ef15f33
2020-06-14 08:52:36.249 [restartedMain] INFO  com.alibaba.nacos.client.config.impl.CacheData - [fixed-127.0.0.1_8848-44f3ec72-5331-4305-a0c0-5e773ef15f33] [add-listener] ok, tenant=44f3ec72-5331-4305-a0c0-5e773ef15f33, dataId=com.company.finance.yml, group=DEFAULT_GROUP, cnt=1
2020-06-14 08:52:36.250 [restartedMain] INFO  com.alibaba.nacos.client.config.impl.ClientWorker - [fixed-127.0.0.1_8848-44f3ec72-5331-4305-a0c0-5e773ef15f33] [subscribe] com.company.finance-dev.yml+DEFAULT_GROUP+44f3ec72-5331-4305-a0c0-5e773ef15f33
2020-06-14 08:52:36.250 [restartedMain] INFO  com.alibaba.nacos.client.config.impl.CacheData - [fixed-127.0.0.1_8848-44f3ec72-5331-4305-a0c0-5e773ef15f33] [add-listener] ok, tenant=44f3ec72-5331-4305-a0c0-5e773ef15f33, dataId=com.company.finance-dev.yml, group=DEFAULT_GROUP, cnt=1
2020-06-14 08:53:37.442 [XNIO-1 task-1] INFO  io.undertow.servlet - Initializing Spring DispatcherServlet 'dispatcherServlet'
2020-06-14 08:53:37.443 [XNIO-1 task-1] INFO  org.springframework.web.servlet.DispatcherServlet - Initializing Servlet 'dispatcherServlet'
2020-06-14 08:53:37.458 [XNIO-1 task-1] INFO  org.springframework.web.servlet.DispatcherServlet - Completed initialization in 15 ms
2020-06-14 08:55:07.125 [Thread-30] INFO  c.a.cloud.nacos.registry.NacosServiceRegistry - De-registering from Nacos Server now...
2020-06-14 08:55:07.125 [Thread-30] INFO  com.alibaba.nacos.client.naming - [BEAT] removing beat: DEFAULT_GROUP@@com.company.finance:192.168.1.10:9001 from beat map.
2020-06-14 08:55:07.126 [Thread-30] INFO  com.alibaba.nacos.client.naming - [DEREGISTER-SERVICE] 44f3ec72-5331-4305-a0c0-5e773ef15f33 deregistering service DEFAULT_GROUP@@com.company.finance with instance: {"clusterName":"DEFAULT","enabled":true,"ephemeral":true,"healthy":true,"instanceHeartBeatInterval":5000,"instanceHeartBeatTimeOut":15000,"ip":"192.168.1.10","ipDeleteTimeout":30000,"metadata":{},"port":9001,"weight":1.0}
2020-06-14 08:55:07.139 [Thread-30] INFO  c.a.cloud.nacos.registry.NacosServiceRegistry - De-registration finished.
2020-06-14 08:55:07.140 [Thread-30] INFO  o.s.scheduling.concurrent.ThreadPoolTaskExecutor - Shutting down ExecutorService 'applicationTaskExecutor'
2020-06-14 08:55:07.183 [Thread-30] INFO  com.alibaba.druid.pool.DruidDataSource - {dataSource-1} closing ...
2020-06-14 08:55:07.192 [Thread-30] INFO  com.alibaba.druid.pool.DruidDataSource - {dataSource-1} closed
2020-06-14 08:55:07.195 [Thread-30] INFO  io.undertow.servlet - Destroying Spring FrameworkServlet 'dispatcherServlet'
2020-06-14 08:55:18.491 [restartedMain] INFO  o.s.b.d.env.DevToolsPropertyDefaultsPostProcessor - Devtools property defaults active! Set 'spring.devtools.add-properties' to 'false' to disable
2020-06-14 08:55:18.777 [restartedMain] INFO  o.s.c.s.PostProcessorRegistrationDelegate$BeanPostProcessorChecker - Bean 'org.springframework.cloud.autoconfigure.ConfigurationPropertiesRebinderAutoConfiguration' of type [org.springframework.cloud.autoconfigure.ConfigurationPropertiesRebinderAutoConfiguration$$EnhancerBySpringCGLIB$$a4d0aec3] is not eligible for getting processed by all BeanPostProcessors (for example: not eligible for auto-proxying)
2020-06-14 08:55:19.027 [restartedMain] INFO  c.a.cloud.nacos.client.NacosPropertySourceBuilder - Loading nacos data, dataId: 'common.yml', group: 'DEFAULT_GROUP'
2020-06-14 08:55:19.039 [restartedMain] INFO  c.a.cloud.nacos.client.NacosPropertySourceBuilder - Loading nacos data, dataId: 'com.company.finance.yml', group: 'DEFAULT_GROUP'
2020-06-14 08:55:19.045 [restartedMain] INFO  o.s.c.b.c.PropertySourceBootstrapConfiguration - Located property source: CompositePropertySource {name='NACOS', propertySources=[NacosPropertySource {name='com.company.finance-dev.yml'}, NacosPropertySource {name='com.company.finance.yml'}, NacosPropertySource {name='common.yml'}]}
2020-06-14 08:55:19.073 [restartedMain] INFO  com.july.CompanyApplication - The following profiles are active: dev
2020-06-14 08:55:19.925 [restartedMain] INFO  o.s.d.r.config.RepositoryConfigurationDelegate - Multiple Spring Data modules found, entering strict repository configuration mode!
2020-06-14 08:55:19.928 [restartedMain] INFO  o.s.d.r.config.RepositoryConfigurationDelegate - Bootstrapping Spring Data repositories in DEFAULT mode.
2020-06-14 08:55:19.982 [restartedMain] INFO  o.s.d.r.config.RepositoryConfigurationDelegate - Finished Spring Data repository scanning in 43ms. Found 0 repository interfaces.
2020-06-14 08:55:20.217 [restartedMain] INFO  o.springframework.cloud.context.scope.GenericScope - BeanFactory id=7af583bf-1a9d-3a45-84d7-1e3e686e38d1
2020-06-14 08:55:20.320 [restartedMain] INFO  o.s.c.s.PostProcessorRegistrationDelegate$BeanPostProcessorChecker - Bean 'org.springframework.transaction.annotation.ProxyTransactionManagementConfiguration' of type [org.springframework.transaction.annotation.ProxyTransactionManagementConfiguration$$EnhancerBySpringCGLIB$$88b6abc6] is not eligible for getting processed by all BeanPostProcessors (for example: not eligible for auto-proxying)
2020-06-14 08:55:20.413 [restartedMain] INFO  o.s.c.s.PostProcessorRegistrationDelegate$BeanPostProcessorChecker - Bean 'redisConfig' of type [com.july.company.config.RedisConfig$$EnhancerBySpringCGLIB$$5d69d196] is not eligible for getting processed by all BeanPostProcessors (for example: not eligible for auto-proxying)
2020-06-14 08:55:20.454 [restartedMain] INFO  o.s.c.s.PostProcessorRegistrationDelegate$BeanPostProcessorChecker - Bean 'org.springframework.cloud.autoconfigure.ConfigurationPropertiesRebinderAutoConfiguration' of type [org.springframework.cloud.autoconfigure.ConfigurationPropertiesRebinderAutoConfiguration$$EnhancerBySpringCGLIB$$a4d0aec3] is not eligible for getting processed by all BeanPostProcessors (for example: not eligible for auto-proxying)
2020-06-14 08:55:20.980 [restartedMain] INFO  io.undertow.servlet - Initializing Spring embedded WebApplicationContext
2020-06-14 08:55:20.980 [restartedMain] INFO  org.springframework.web.context.ContextLoader - Root WebApplicationContext: initialization completed in 1892 ms
2020-06-14 08:55:20.989 [restartedMain] INFO  com.july.company.config.CorsConfig - 配置跨域bean
2020-06-14 08:55:21.154 [restartedMain] INFO  com.july.company.intercepts.MybatisPlusConfig - mybatis分页拦截器初始化.
2020-06-14 08:55:21.179 [restartedMain] INFO  c.a.d.s.b.a.DruidDataSourceAutoConfigure - Init DruidDataSource
2020-06-14 08:55:21.280 [restartedMain] INFO  com.alibaba.druid.pool.DruidDataSource - {dataSource-1} inited
2020-06-14 08:55:21.327 [restartedMain] INFO  com.july.company.intercepts.MybatisPlusConfig - mybatis公共字段填充处理器初始化.
2020-06-14 08:55:22.906 [restartedMain] INFO  com.netflix.config.sources.URLConfigurationSource - To enable URLs as dynamic configuration sources, define System property archaius.configurationSource.additionalUrls or make config.properties available on classpath.
2020-06-14 08:55:22.910 [restartedMain] INFO  com.netflix.config.sources.URLConfigurationSource - To enable URLs as dynamic configuration sources, define System property archaius.configurationSource.additionalUrls or make config.properties available on classpath.
2020-06-14 08:55:23.193 [restartedMain] INFO  o.s.scheduling.concurrent.ThreadPoolTaskExecutor - Initializing ExecutorService 'applicationTaskExecutor'
2020-06-14 08:55:23.406 [restartedMain] INFO  com.alibaba.nacos.client.naming - initializer namespace from System Property :null
2020-06-14 08:55:23.407 [restartedMain] INFO  com.alibaba.nacos.client.naming - initializer namespace from System Environment :null
2020-06-14 08:55:23.408 [restartedMain] INFO  com.alibaba.nacos.client.naming - initializer namespace from System Property :null
2020-06-14 08:55:23.437 [restartedMain] INFO  o.s.scheduling.concurrent.ThreadPoolTaskScheduler - Initializing ExecutorService
2020-06-14 08:55:23.817 [restartedMain] INFO  o.s.b.d.autoconfigure.OptionalLiveReloadServer - LiveReload server is running on port 35729
2020-06-14 08:55:24.000 [restartedMain] INFO  org.xnio - XNIO version 3.3.8.Final
2020-06-14 08:55:24.008 [restartedMain] INFO  org.xnio.nio - XNIO NIO Implementation Version 3.3.8.Final
2020-06-14 08:55:24.095 [restartedMain] INFO  o.s.b.w.embedded.undertow.UndertowServletWebServer - Undertow started on port(s) 9001 (http) with context path '/finance'
2020-06-14 08:55:24.100 [restartedMain] INFO  com.alibaba.nacos.client.naming - [BEAT] adding beat: {"cluster":"DEFAULT","ip":"192.168.1.10","metadata":{"preserved.register.source":"SPRING_CLOUD"},"period":5000,"port":9001,"scheduled":false,"serviceName":"DEFAULT_GROUP@@com.company.finance","stopped":false,"weight":1.0} to beat map.
2020-06-14 08:55:24.128 [restartedMain] INFO  com.alibaba.nacos.client.naming - [REGISTER-SERVICE] 44f3ec72-5331-4305-a0c0-5e773ef15f33 registering service DEFAULT_GROUP@@com.company.finance with instance: {"clusterName":"DEFAULT","enabled":true,"ephemeral":true,"healthy":true,"instanceHeartBeatInterval":5000,"instanceHeartBeatTimeOut":15000,"ip":"192.168.1.10","ipDeleteTimeout":30000,"metadata":{"preserved.register.source":"SPRING_CLOUD"},"port":9001,"weight":1.0}
2020-06-14 08:55:24.142 [restartedMain] INFO  c.a.cloud.nacos.registry.NacosServiceRegistry - nacos registry, com.company.finance 192.168.1.10:9001 register finished
2020-06-14 08:55:24.147 [restartedMain] INFO  com.july.CompanyApplication - Started CompanyApplication in 6.359 seconds (JVM running for 8.246)
2020-06-14 08:55:24.149 [restartedMain] INFO  com.july.company.dictionary.BeanDefineConfigue - 字典：START:spring初始化开始======================>
2020-06-14 08:55:24.636 [restartedMain] INFO  com.july.company.dictionary.BeanDefineConfigue - 字典:END:spring初始化完毕======================>
2020-06-14 08:55:24.639 [restartedMain] INFO  com.alibaba.nacos.client.config.impl.ClientWorker - [fixed-127.0.0.1_8848-44f3ec72-5331-4305-a0c0-5e773ef15f33] [subscribe] com.company.finance.yml+DEFAULT_GROUP+44f3ec72-5331-4305-a0c0-5e773ef15f33
2020-06-14 08:55:24.640 [restartedMain] INFO  com.alibaba.nacos.client.config.impl.CacheData - [fixed-127.0.0.1_8848-44f3ec72-5331-4305-a0c0-5e773ef15f33] [add-listener] ok, tenant=44f3ec72-5331-4305-a0c0-5e773ef15f33, dataId=com.company.finance.yml, group=DEFAULT_GROUP, cnt=1
2020-06-14 08:55:24.640 [restartedMain] INFO  com.alibaba.nacos.client.config.impl.ClientWorker - [fixed-127.0.0.1_8848-44f3ec72-5331-4305-a0c0-5e773ef15f33] [subscribe] com.company.finance-dev.yml+DEFAULT_GROUP+44f3ec72-5331-4305-a0c0-5e773ef15f33
2020-06-14 08:55:24.640 [restartedMain] INFO  com.alibaba.nacos.client.config.impl.CacheData - [fixed-127.0.0.1_8848-44f3ec72-5331-4305-a0c0-5e773ef15f33] [add-listener] ok, tenant=44f3ec72-5331-4305-a0c0-5e773ef15f33, dataId=com.company.finance-dev.yml, group=DEFAULT_GROUP, cnt=1
2020-06-14 08:55:42.288 [XNIO-1 task-1] INFO  io.undertow.servlet - Initializing Spring DispatcherServlet 'dispatcherServlet'
2020-06-14 08:55:42.290 [XNIO-1 task-1] INFO  org.springframework.web.servlet.DispatcherServlet - Initializing Servlet 'dispatcherServlet'
2020-06-14 08:55:42.303 [XNIO-1 task-1] INFO  org.springframework.web.servlet.DispatcherServlet - Completed initialization in 13 ms
2020-06-14 08:55:42.537 [XNIO-1 task-2] INFO  com.july.company.base.AdviceController - BnException:[code=99999, message=没有找到该用户信息，请确认后登录！] at com.july.company.exception.BnException.on(BnException.java:219)
